Power Unit: W
PDB Frame : /stim#1/frame#0
---------------------------------------------------------------------------------------------------------------------------
 Cells Pct_cells     Leakage    Internal   Switching       Total Lvl Instance                                              
---------------------------------------------------------------------------------------------------------------------------
130461   100.00% 1.29262e-04 2.40761e-02 1.00198e-02 3.42251e-02   0 /Top_PipelinedCipher                                  
 32492    24.91% 3.86015e-05 9.19050e-03 1.12815e-03 1.03573e-02   1 /Top_PipelinedCipher/U_KEYEXP                         
  3249     2.49% 3.86067e-06 9.64464e-04 1.36575e-04 1.10490e-03   2 /Top_PipelinedCipher/U_KEYEXP/ROUND_KEY_GEN[7].RKGEN_U
  3249     2.49% 3.85710e-06 9.62380e-04 1.36461e-04 1.10270e-03   2 /Top_PipelinedCipher/U_KEYEXP/ROUND_KEY_GEN[8].RKGEN_U
  3249     2.49% 3.86606e-06 9.62689e-04 1.35281e-04 1.10184e-03   2 /Top_PipelinedCipher/U_KEYEXP/ROUND_KEY_GEN[6].RKGEN_U
  3249     2.49% 3.86233e-06 9.61555e-04 1.36115e-04 1.10153e-03   2 /Top_PipelinedCipher/U_KEYEXP/ROUND_KEY_GEN[5].RKGEN_U
  3249     2.49% 3.85851e-06 9.63019e-04 1.33251e-04 1.10013e-03   2 /Top_PipelinedCipher/U_KEYEXP/ROUND_KEY_GEN[9].RKGEN_U
  3249     2.49% 3.86503e-06 9.53541e-04 1.33249e-04 1.09065e-03   2 /Top_PipelinedCipher/U_KEYEXP/ROUND_KEY_GEN[4].RKGEN_U
  3249     2.49% 3.86249e-06 9.26401e-04 1.19812e-04 1.05008e-03   2 /Top_PipelinedCipher/U_KEYEXP/ROUND_KEY_GEN[3].RKGEN_U
  3247     2.49% 3.86796e-06 8.79354e-04 9.39622e-05 9.77184e-04   2 /Top_PipelinedCipher/U_KEYEXP/ROUND_KEY_GEN[2].RKGEN_U
  3247     2.49% 3.84775e-06 8.29099e-04 6.37799e-05 8.96727e-04   2 /Top_PipelinedCipher/U_KEYEXP/ROUND_KEY_GEN[1].RKGEN_U
  3255     2.49% 3.85362e-06 7.88002e-04 3.96608e-05 8.31516e-04   2 /Top_PipelinedCipher/U_KEYEXP/RKGEN_U0                
 10138     7.77% 9.33586e-06 1.60185e-03 1.18682e-03 2.79800e-03   1 /Top_PipelinedCipher/ROUND[4].U_ROUND                 
  8798     6.74% 7.05318e-06 6.96290e-04 8.61426e-04 1.56477e-03   2 /Top_PipelinedCipher/ROUND[4].U_ROUND/U_SUB           
   401     0.31% 6.90927e-07 2.94015e-04 1.64700e-04 4.59406e-04   2 /Top_PipelinedCipher/ROUND[4].U_ROUND/U_KEY           
   671     0.51% 1.06491e-06 3.40639e-04 9.60632e-05 4.37767e-04   2 /Top_PipelinedCipher/ROUND[4].U_ROUND/U_MIX           
   268     0.21% 5.26844e-07 2.70902e-04 6.46275e-05 3.36057e-04   2 /Top_PipelinedCipher/ROUND[4].U_ROUND/U_SH            
 10160     7.79% 9.29956e-06 1.59970e-03 1.18533e-03 2.79433e-03   1 /Top_PipelinedCipher/ROUND[8].U_ROUND                 
  8820     6.76% 7.01849e-06 6.92462e-04 8.59533e-04 1.55901e-03   2 /Top_PipelinedCipher/ROUND[8].U_ROUND/U_SUB           
   401     0.31% 6.90255e-07 2.94174e-04 1.65304e-04 4.60168e-04   2 /Top_PipelinedCipher/ROUND[8].U_ROUND/U_KEY           
   671     0.51% 1.06471e-06 3.42872e-04 9.63099e-05 4.40246e-04   2 /Top_PipelinedCipher/ROUND[8].U_ROUND/U_MIX           
   268     0.21% 5.26094e-07 2.70189e-04 6.41848e-05 3.34900e-04   2 /Top_PipelinedCipher/ROUND[8].U_ROUND/U_SH            
  9793     7.51% 9.08262e-06 1.58427e-03 1.03829e-03 2.63165e-03   1 /Top_PipelinedCipher/ROUND[2].U_ROUND                 
  8456     6.48% 6.80111e-06 6.79609e-04 7.13798e-04 1.40021e-03   2 /Top_PipelinedCipher/ROUND[2].U_ROUND/U_SUB           
   398     0.31% 6.89349e-07 2.93148e-04 1.63746e-04 4.57584e-04   2 /Top_PipelinedCipher/ROUND[2].U_ROUND/U_KEY           
   671     0.51% 1.06483e-06 3.40563e-04 9.61673e-05 4.37795e-04   2 /Top_PipelinedCipher/ROUND[2].U_ROUND/U_MIX           
   268     0.21% 5.27327e-07 2.70949e-04 6.45829e-05 3.36059e-04   2 /Top_PipelinedCipher/ROUND[2].U_ROUND/U_SH            
  9744     7.47% 9.01208e-06 1.57882e-03 1.03567e-03 2.62350e-03   1 /Top_PipelinedCipher/ROUND[5].U_ROUND                 
  8407     6.44% 6.73094e-06 6.74284e-04 7.11367e-04 1.39238e-03   2 /Top_PipelinedCipher/ROUND[5].U_ROUND/U_SUB           
   398     0.31% 6.89152e-07 2.93441e-04 1.64246e-04 4.58376e-04   2 /Top_PipelinedCipher/ROUND[5].U_ROUND/U_KEY           
   671     0.51% 1.06523e-06 3.41249e-04 9.60703e-05 4.38384e-04   2 /Top_PipelinedCipher/ROUND[5].U_ROUND/U_MIX           
   268     0.21% 5.26757e-07 2.69851e-04 6.39838e-05 3.34361e-04   2 /Top_PipelinedCipher/ROUND[5].U_ROUND/U_SH            
  9713     7.45% 8.97894e-06 1.57596e-03 1.03305e-03 2.61799e-03   1 /Top_PipelinedCipher/ROUND[6].U_ROUND                 
  8376     6.42% 6.69778e-06 6.71297e-04 7.07976e-04 1.38597e-03   2 /Top_PipelinedCipher/ROUND[6].U_ROUND/U_SUB           
   398     0.31% 6.89500e-07 2.93741e-04 1.65102e-04 4.59533e-04   2 /Top_PipelinedCipher/ROUND[6].U_ROUND/U_KEY           
   671     0.51% 1.06516e-06 3.41426e-04 9.61601e-05 4.38651e-04   2 /Top_PipelinedCipher/ROUND[6].U_ROUND/U_MIX           
   268     0.21% 5.26501e-07 2.69498e-04 6.38134e-05 3.33838e-04   2 /Top_PipelinedCipher/ROUND[6].U_ROUND/U_SH            
  9657     7.40% 8.90107e-06 1.57273e-03 9.05742e-04 2.48738e-03   1 /Top_PipelinedCipher/ROUND[7].U_ROUND                 
  8320     6.38% 6.62073e-06 6.69680e-04 7.07235e-04 1.38354e-03   2 /Top_PipelinedCipher/ROUND[7].U_ROUND/U_SUB           
   671     0.51% 1.06494e-06 3.40564e-04 9.56420e-05 4.37271e-04   2 /Top_PipelinedCipher/ROUND[7].U_ROUND/U_MIX           
   268     0.21% 5.26189e-07 2.69655e-04 6.38217e-05 3.34003e-04   2 /Top_PipelinedCipher/ROUND[7].U_ROUND/U_SH            
   398     0.31% 6.89204e-07 2.92833e-04 3.90427e-05 3.32565e-04   2 /Top_PipelinedCipher/ROUND[7].U_ROUND/U_KEY           
  9711     7.44% 8.96550e-06 1.57176e-03 9.06549e-04 2.48727e-03   1 /Top_PipelinedCipher/ROUND[3].U_ROUND                 
  8374     6.42% 6.70187e-06 6.70444e-04 7.07652e-04 1.38480e-03   2 /Top_PipelinedCipher/ROUND[3].U_ROUND/U_SUB           
   671     0.51% 1.06150e-06 3.40071e-04 9.58459e-05 4.36979e-04   2 /Top_PipelinedCipher/ROUND[3].U_ROUND/U_MIX           
   268     0.21% 5.27143e-07 2.69976e-04 6.39800e-05 3.34483e-04   2 /Top_PipelinedCipher/ROUND[3].U_ROUND/U_SH            
   398     0.31% 6.74986e-07 2.91265e-04 3.90710e-05 3.31010e-04   2 /Top_PipelinedCipher/ROUND[3].U_ROUND/U_KEY           
  9724     7.45% 9.00625e-06 1.20976e-03 5.58538e-04 1.77730e-03   1 /Top_PipelinedCipher/ROUND[1].U_ROUND                 
  8384     6.43% 6.72499e-06 3.74792e-04 2.85476e-04 6.66993e-04   2 /Top_PipelinedCipher/ROUND[1].U_ROUND/U_SUB           
   401     0.31% 6.90708e-07 2.93411e-04 1.64355e-04 4.58457e-04   2 /Top_PipelinedCipher/ROUND[1].U_ROUND/U_KEY           
   671     0.51% 1.06435e-06 3.28833e-04 8.11280e-05 4.11025e-04   2 /Top_PipelinedCipher/ROUND[1].U_ROUND/U_MIX           
   268     0.21% 5.26209e-07 2.12723e-04 2.75784e-05 2.40828e-04   2 /Top_PipelinedCipher/ROUND[1].U_ROUND/U_SH            
  8304     6.37% 6.64408e-06 6.73980e-04 7.09975e-04 1.39060e-03   1 /Top_PipelinedCipher/U_SUB                            
   519     0.40% 4.15529e-07 4.25452e-05 4.54799e-05 8.84406e-05   2 /Top_PipelinedCipher/U_SUB/ROM[14].ROM                
   516     0.40% 4.14169e-07 4.25793e-05 4.53362e-05 8.83298e-05   2 /Top_PipelinedCipher/U_SUB/ROM[1].ROM                 
   520     0.40% 4.10818e-07 4.21934e-05 4.57023e-05 8.83065e-05   2 /Top_PipelinedCipher/U_SUB/ROM[12].ROM                
   518     0.40% 4.14935e-07 4.26182e-05 4.47888e-05 8.78220e-05   2 /Top_PipelinedCipher/U_SUB/ROM[4].ROM                 
   528     0.40% 4.22168e-07 4.26107e-05 4.47350e-05 8.77679e-05   2 /Top_PipelinedCipher/U_SUB/ROM[2].ROM                 
   520     0.40% 4.10623e-07 4.20028e-05 4.46420e-05 8.70555e-05   2 /Top_PipelinedCipher/U_SUB/ROM[11].ROM                
   521     0.40% 4.14088e-07 4.22216e-05 4.41005e-05 8.67362e-05   2 /Top_PipelinedCipher/U_SUB/ROM[10].ROM                
   519     0.40% 4.16619e-07 4.18276e-05 4.44306e-05 8.66748e-05   2 /Top_PipelinedCipher/U_SUB/ROM[7].ROM                 
   518     0.40% 4.14511e-07 4.19837e-05 4.41462e-05 8.65444e-05   2 /Top_PipelinedCipher/U_SUB/ROM[13].ROM                
   518     0.40% 4.13474e-07 4.17182e-05 4.42961e-05 8.64278e-05   2 /Top_PipelinedCipher/U_SUB/ROM[3].ROM                 
   522     0.40% 4.19293e-07 4.19410e-05 4.40132e-05 8.63735e-05   2 /Top_PipelinedCipher/U_SUB/ROM[8].ROM                 
   522     0.40% 4.19372e-07 4.21889e-05 4.37339e-05 8.63422e-05   2 /Top_PipelinedCipher/U_SUB/ROM[9].ROM                 
   520     0.40% 4.15875e-07 4.19730e-05 4.38747e-05 8.62636e-05   2 /Top_PipelinedCipher/U_SUB/ROM[6].ROM                 
   511     0.39% 4.10095e-07 4.15243e-05 4.41737e-05 8.61081e-05   2 /Top_PipelinedCipher/U_SUB/ROM[0].ROM                 
   515     0.39% 4.16320e-07 4.17293e-05 4.38456e-05 8.59912e-05   2 /Top_PipelinedCipher/U_SUB/ROM[5].ROM                 
   514     0.39% 4.11131e-07 4.09301e-05 4.26146e-05 8.39558e-05   2 /Top_PipelinedCipher/U_SUB/ROM[15].ROM                
  9696     7.43% 9.01791e-06 8.89138e-04 2.07054e-04 1.10521e-03   1 /Top_PipelinedCipher/ROUND[0].U_ROUND                 
  8358     6.41% 6.75265e-06 2.51045e-04 1.01295e-04 3.59093e-04   2 /Top_PipelinedCipher/ROUND[0].U_ROUND/U_SUB           
   399     0.31% 6.93837e-07 2.18773e-04 6.44484e-05 2.83916e-04   2 /Top_PipelinedCipher/ROUND[0].U_ROUND/U_KEY           
   671     0.51% 1.05801e-06 2.27908e-04 2.92286e-05 2.58195e-04   2 /Top_PipelinedCipher/ROUND[0].U_ROUND/U_MIX           
   268     0.21% 5.13412e-07 1.91411e-04 1.20817e-05 2.04007e-04   2 /Top_PipelinedCipher/ROUND[0].U_ROUND/U_SH            
   398     0.31% 6.94853e-07 2.95533e-04 2.51840e-05 3.21412e-04   1 /Top_PipelinedCipher/U_KEY                            
   268     0.21% 5.25686e-07 2.71444e-04 2.51684e-05 2.97138e-04   1 /Top_PipelinedCipher/U_SH                             
   396     0.30% 6.84077e-07 1.87730e-04 2.16056e-05 2.10019e-04   1 /Top_PipelinedCipher/U0_ARK                           
---------------------------------------------------------------------------------------------------------------------------
