File Generated by Custom Script
Copyrights: Ali Aqdas (Purdue University)
Net Transistor Count: 14288, Transistor Per Cell: 8 Gate: A2O1A1Ixp33_ASAP7_75t_L, Instances: 1786 Library:asap7sc7p5t_AO_LVT_TT_nldm_211120
Net Transistor Count: 400, Transistor Per Cell: 10 Gate: A2O1A1O1Ixp25_ASAP7_75t_L, Instances: 40 Library:asap7sc7p5t_AO_LVT_TT_nldm_211120
Net Transistor Count: 82590, Transistor Per Cell: 6 Gate: AND2x2_ASAP7_75t_L, Instances: 13765 Library:asap7sc7p5t_SIMPLE_LVT_TT_nldm_211120
Net Transistor Count: 29748, Transistor Per Cell: 6 Gate: AND2x4_ASAP7_75t_L, Instances: 4958 Library:asap7sc7p5t_SIMPLE_LVT_TT_nldm_211120
Net Transistor Count: 1038, Transistor Per Cell: 6 Gate: AND2x6_ASAP7_75t_L, Instances: 173 Library:asap7sc7p5t_SIMPLE_LVT_TT_nldm_211120
Net Transistor Count: 10040, Transistor Per Cell: 8 Gate: AND3x1_ASAP7_75t_L, Instances: 1255 Library:asap7sc7p5t_SIMPLE_LVT_TT_nldm_211120
Net Transistor Count: 144, Transistor Per Cell: 8 Gate: AND3x2_ASAP7_75t_L, Instances: 18 Library:asap7sc7p5t_SIMPLE_LVT_TT_nldm_211120
Net Transistor Count: 40, Transistor Per Cell: 8 Gate: AND3x4_ASAP7_75t_L, Instances: 5 Library:asap7sc7p5t_SIMPLE_LVT_TT_nldm_211120
Net Transistor Count: 4780, Transistor Per Cell: 10 Gate: AND4x1_ASAP7_75t_L, Instances: 478 Library:asap7sc7p5t_SIMPLE_LVT_TT_nldm_211120
Net Transistor Count: 948, Transistor Per Cell: 12 Gate: AND5x1_ASAP7_75t_L, Instances: 79 Library:asap7sc7p5t_SIMPLE_LVT_TT_nldm_211120
Net Transistor Count: 40, Transistor Per Cell: 10 Gate: AO211x2_ASAP7_75t_L, Instances: 4 Library:asap7sc7p5t_AO_LVT_TT_nldm_211120
Net Transistor Count: 6384, Transistor Per Cell: 8 Gate: AO21x1_ASAP7_75t_L, Instances: 798 Library:asap7sc7p5t_AO_LVT_TT_nldm_211120
Net Transistor Count: 432, Transistor Per Cell: 12 Gate: AO221x1_ASAP7_75t_L, Instances: 36 Library:asap7sc7p5t_AO_LVT_TT_nldm_211120
Net Transistor Count: 2240, Transistor Per Cell: 14 Gate: AO222x2_ASAP7_75t_L, Instances: 160 Library:asap7sc7p5t_AO_LVT_TT_nldm_211120
Net Transistor Count: 4310, Transistor Per Cell: 10 Gate: AO22x1_ASAP7_75t_L, Instances: 431 Library:asap7sc7p5t_AO_LVT_TT_nldm_211120
Net Transistor Count: 40, Transistor Per Cell: 10 Gate: AO22x2_ASAP7_75t_L, Instances: 4 Library:asap7sc7p5t_AO_LVT_TT_nldm_211120
Net Transistor Count: 656, Transistor Per Cell: 16 Gate: AO322x2_ASAP7_75t_L, Instances: 41 Library:asap7sc7p5t_AO_LVT_TT_nldm_211120
Net Transistor Count: 840, Transistor Per Cell: 12 Gate: AO32x1_ASAP7_75t_L, Instances: 70 Library:asap7sc7p5t_AO_LVT_TT_nldm_211120
Net Transistor Count: 4320, Transistor Per Cell: 18 Gate: AO332x1_ASAP7_75t_L, Instances: 240 Library:asap7sc7p5t_AO_LVT_TT_nldm_211120
Net Transistor Count: 56, Transistor Per Cell: 14 Gate: AO33x2_ASAP7_75t_L, Instances: 4 Library:asap7sc7p5t_AO_LVT_TT_nldm_211120
Net Transistor Count: 3976, Transistor Per Cell: 8 Gate: AOI211x1_ASAP7_75t_L, Instances: 497 Library:asap7sc7p5t_AO_LVT_TT_nldm_211120
Net Transistor Count: 9968, Transistor Per Cell: 8 Gate: AOI211xp5_ASAP7_75t_L, Instances: 1246 Library:asap7sc7p5t_AO_LVT_TT_nldm_211120
Net Transistor Count: 648, Transistor Per Cell: 6 Gate: AOI21x1_ASAP7_75t_L, Instances: 108 Library:asap7sc7p5t_AO_LVT_TT_nldm_211120
Net Transistor Count: 552, Transistor Per Cell: 6 Gate: AOI21xp33_ASAP7_75t_L, Instances: 92 Library:asap7sc7p5t_AO_LVT_TT_nldm_211120
Net Transistor Count: 15090, Transistor Per Cell: 6 Gate: AOI21xp5_ASAP7_75t_L, Instances: 2515 Library:asap7sc7p5t_AO_LVT_TT_nldm_211120
Net Transistor Count: 6030, Transistor Per Cell: 10 Gate: AOI221x1_ASAP7_75t_L, Instances: 603 Library:asap7sc7p5t_AO_LVT_TT_nldm_211120
Net Transistor Count: 18090, Transistor Per Cell: 10 Gate: AOI221xp5_ASAP7_75t_L, Instances: 1809 Library:asap7sc7p5t_AO_LVT_TT_nldm_211120
Net Transistor Count: 4548, Transistor Per Cell: 12 Gate: AOI222xp33_ASAP7_75t_L, Instances: 379 Library:asap7sc7p5t_AO_LVT_TT_nldm_211120
Net Transistor Count: 816, Transistor Per Cell: 8 Gate: AOI22x1_ASAP7_75t_L, Instances: 102 Library:asap7sc7p5t_AO_LVT_TT_nldm_211120
Net Transistor Count: 4280, Transistor Per Cell: 8 Gate: AOI22xp33_ASAP7_75t_L, Instances: 535 Library:asap7sc7p5t_AO_LVT_TT_nldm_211120
Net Transistor Count: 93248, Transistor Per Cell: 8 Gate: AOI22xp5_ASAP7_75t_L, Instances: 11656 Library:asap7sc7p5t_AO_LVT_TT_nldm_211120
Net Transistor Count: 8630, Transistor Per Cell: 10 Gate: AOI311xp33_ASAP7_75t_L, Instances: 863 Library:asap7sc7p5t_AO_LVT_TT_nldm_211120
Net Transistor Count: 3040, Transistor Per Cell: 8 Gate: AOI31xp33_ASAP7_75t_L, Instances: 380 Library:asap7sc7p5t_AO_LVT_TT_nldm_211120
Net Transistor Count: 544, Transistor Per Cell: 8 Gate: AOI31xp67_ASAP7_75t_L, Instances: 68 Library:asap7sc7p5t_AO_LVT_TT_nldm_211120
Net Transistor Count: 14844, Transistor Per Cell: 12 Gate: AOI321xp33_ASAP7_75t_L, Instances: 1237 Library:asap7sc7p5t_AO_LVT_TT_nldm_211120
Net Transistor Count: 23590, Transistor Per Cell: 14 Gate: AOI322xp5_ASAP7_75t_L, Instances: 1685 Library:asap7sc7p5t_AO_LVT_TT_nldm_211120
Net Transistor Count: 11790, Transistor Per Cell: 10 Gate: AOI32xp33_ASAP7_75t_L, Instances: 1179 Library:asap7sc7p5t_AO_LVT_TT_nldm_211120
Net Transistor Count: 2730, Transistor Per Cell: 14 Gate: AOI331xp33_ASAP7_75t_L, Instances: 195 Library:asap7sc7p5t_AO_LVT_TT_nldm_211120
Net Transistor Count: 7664, Transistor Per Cell: 16 Gate: AOI332xp33_ASAP7_75t_L, Instances: 479 Library:asap7sc7p5t_AO_LVT_TT_nldm_211120
Net Transistor Count: 11832, Transistor Per Cell: 12 Gate: AOI33xp33_ASAP7_75t_L, Instances: 986 Library:asap7sc7p5t_AO_LVT_TT_nldm_211120
Net Transistor Count: 48, Transistor Per Cell: 4 Gate: BUFx10_ASAP7_75t_L, Instances: 12 Library:asap7sc7p5t_INVBUF_LVT_TT_nldm_211120
Net Transistor Count: 44, Transistor Per Cell: 4 Gate: BUFx12_ASAP7_75t_L, Instances: 11 Library:asap7sc7p5t_INVBUF_LVT_TT_nldm_211120
Net Transistor Count: 680, Transistor Per Cell: 4 Gate: BUFx12f_ASAP7_75t_L, Instances: 170 Library:asap7sc7p5t_INVBUF_LVT_TT_nldm_211120
Net Transistor Count: 2572, Transistor Per Cell: 4 Gate: BUFx2_ASAP7_75t_L, Instances: 643 Library:asap7sc7p5t_INVBUF_LVT_TT_nldm_211120
Net Transistor Count: 5624, Transistor Per Cell: 4 Gate: BUFx3_ASAP7_75t_L, Instances: 1406 Library:asap7sc7p5t_INVBUF_LVT_TT_nldm_211120
Net Transistor Count: 4, Transistor Per Cell: 4 Gate: BUFx4_ASAP7_75t_L, Instances: 1 Library:asap7sc7p5t_INVBUF_LVT_TT_nldm_211120
Net Transistor Count: 1364, Transistor Per Cell: 4 Gate: BUFx4f_ASAP7_75t_L, Instances: 341 Library:asap7sc7p5t_INVBUF_LVT_TT_nldm_211120
Net Transistor Count: 5700, Transistor Per Cell: 4 Gate: BUFx6f_ASAP7_75t_L, Instances: 1425 Library:asap7sc7p5t_INVBUF_LVT_TT_nldm_211120
Net Transistor Count: 64, Transistor Per Cell: 4 Gate: BUFx8_ASAP7_75t_L, Instances: 16 Library:asap7sc7p5t_INVBUF_LVT_TT_nldm_211120
Net Transistor Count: 252, Transistor Per Cell: 14 Gate: CKINVDCx10_ASAP7_75t_L, Instances: 18 Library:asap7sc7p5t_INVBUF_LVT_TT_nldm_211120
Net Transistor Count: 56, Transistor Per Cell: 14 Gate: CKINVDCx5p33_ASAP7_75t_L, Instances: 4 Library:asap7sc7p5t_INVBUF_LVT_TT_nldm_211120
Net Transistor Count: 588, Transistor Per Cell: 14 Gate: CKINVDCx6p67_ASAP7_75t_L, Instances: 42 Library:asap7sc7p5t_INVBUF_LVT_TT_nldm_211120
Net Transistor Count: 224, Transistor Per Cell: 14 Gate: CKINVDCx9p33_ASAP7_75t_L, Instances: 16 Library:asap7sc7p5t_INVBUF_LVT_TT_nldm_211120
Net Transistor Count: 258456, Transistor Per Cell: 24 Gate: DFFASRHQNx1_ASAP7_75t_L, Instances: 10769 Library:asap7sc7p5t_SEQ_LVT_TT_nldm_220123
Net Transistor Count: 6480, Transistor Per Cell: 24 Gate: FAx1_ASAP7_75t_L, Instances: 270 Library:asap7sc7p5t_SIMPLE_LVT_TT_nldm_211120
Net Transistor Count: 20, Transistor Per Cell: 10 Gate: HAxp5_ASAP7_75t_L, Instances: 2 Library:asap7sc7p5t_SIMPLE_LVT_TT_nldm_211120
Net Transistor Count: 1844, Transistor Per Cell: 4 Gate: HB1xp67_ASAP7_75t_L, Instances: 461 Library:asap7sc7p5t_INVBUF_LVT_TT_nldm_211120
Net Transistor Count: 42, Transistor Per Cell: 2 Gate: INVx11_ASAP7_75t_L, Instances: 21 Library:asap7sc7p5t_INVBUF_LVT_TT_nldm_211120
Net Transistor Count: 33738, Transistor Per Cell: 2 Gate: INVx1_ASAP7_75t_L, Instances: 16869 Library:asap7sc7p5t_INVBUF_LVT_TT_nldm_211120
Net Transistor Count: 11168, Transistor Per Cell: 2 Gate: INVx2_ASAP7_75t_L, Instances: 5584 Library:asap7sc7p5t_INVBUF_LVT_TT_nldm_211120
Net Transistor Count: 2988, Transistor Per Cell: 2 Gate: INVx3_ASAP7_75t_L, Instances: 1494 Library:asap7sc7p5t_INVBUF_LVT_TT_nldm_211120
Net Transistor Count: 1800, Transistor Per Cell: 2 Gate: INVx4_ASAP7_75t_L, Instances: 900 Library:asap7sc7p5t_INVBUF_LVT_TT_nldm_211120
Net Transistor Count: 520, Transistor Per Cell: 2 Gate: INVx5_ASAP7_75t_L, Instances: 260 Library:asap7sc7p5t_INVBUF_LVT_TT_nldm_211120
Net Transistor Count: 658, Transistor Per Cell: 2 Gate: INVx6_ASAP7_75t_L, Instances: 329 Library:asap7sc7p5t_INVBUF_LVT_TT_nldm_211120
Net Transistor Count: 234, Transistor Per Cell: 2 Gate: INVx8_ASAP7_75t_L, Instances: 117 Library:asap7sc7p5t_INVBUF_LVT_TT_nldm_211120
Net Transistor Count: 34, Transistor Per Cell: 2 Gate: INVxp33_ASAP7_75t_L, Instances: 17 Library:asap7sc7p5t_INVBUF_LVT_TT_nldm_211120
Net Transistor Count: 668, Transistor Per Cell: 2 Gate: INVxp67_ASAP7_75t_L, Instances: 334 Library:asap7sc7p5t_INVBUF_LVT_TT_nldm_211120
Net Transistor Count: 4960, Transistor Per Cell: 4 Gate: NAND2x1_ASAP7_75t_L, Instances: 1240 Library:asap7sc7p5t_SIMPLE_LVT_TT_nldm_211120
Net Transistor Count: 2460, Transistor Per Cell: 4 Gate: NAND2x1p5_ASAP7_75t_L, Instances: 615 Library:asap7sc7p5t_SIMPLE_LVT_TT_nldm_211120
Net Transistor Count: 216, Transistor Per Cell: 4 Gate: NAND2x2_ASAP7_75t_L, Instances: 54 Library:asap7sc7p5t_SIMPLE_LVT_TT_nldm_211120
Net Transistor Count: 1872, Transistor Per Cell: 4 Gate: NAND2xp33_ASAP7_75t_L, Instances: 468 Library:asap7sc7p5t_SIMPLE_LVT_TT_nldm_211120
Net Transistor Count: 36864, Transistor Per Cell: 4 Gate: NAND2xp5_ASAP7_75t_L, Instances: 9216 Library:asap7sc7p5t_SIMPLE_LVT_TT_nldm_211120
Net Transistor Count: 68, Transistor Per Cell: 4 Gate: NAND2xp67_ASAP7_75t_L, Instances: 17 Library:asap7sc7p5t_SIMPLE_LVT_TT_nldm_211120
Net Transistor Count: 6606, Transistor Per Cell: 6 Gate: NAND3x1_ASAP7_75t_L, Instances: 1101 Library:asap7sc7p5t_SIMPLE_LVT_TT_nldm_211120
Net Transistor Count: 14376, Transistor Per Cell: 6 Gate: NAND3xp33_ASAP7_75t_L, Instances: 2396 Library:asap7sc7p5t_SIMPLE_LVT_TT_nldm_211120
Net Transistor Count: 3384, Transistor Per Cell: 8 Gate: NAND4xp25_ASAP7_75t_L, Instances: 423 Library:asap7sc7p5t_SIMPLE_LVT_TT_nldm_211120
Net Transistor Count: 6288, Transistor Per Cell: 8 Gate: NAND4xp75_ASAP7_75t_L, Instances: 786 Library:asap7sc7p5t_SIMPLE_LVT_TT_nldm_211120
Net Transistor Count: 3600, Transistor Per Cell: 10 Gate: NAND5xp2_ASAP7_75t_L, Instances: 360 Library:asap7sc7p5t_SIMPLE_LVT_TT_nldm_211120
Net Transistor Count: 3344, Transistor Per Cell: 4 Gate: NOR2x1_ASAP7_75t_L, Instances: 836 Library:asap7sc7p5t_SIMPLE_LVT_TT_nldm_211120
Net Transistor Count: 660, Transistor Per Cell: 4 Gate: NOR2x1p5_ASAP7_75t_L, Instances: 165 Library:asap7sc7p5t_SIMPLE_LVT_TT_nldm_211120
Net Transistor Count: 4, Transistor Per Cell: 4 Gate: NOR2x2_ASAP7_75t_L, Instances: 1 Library:asap7sc7p5t_SIMPLE_LVT_TT_nldm_211120
Net Transistor Count: 10660, Transistor Per Cell: 4 Gate: NOR2xp33_ASAP7_75t_L, Instances: 2665 Library:asap7sc7p5t_SIMPLE_LVT_TT_nldm_211120
Net Transistor Count: 1520, Transistor Per Cell: 4 Gate: NOR2xp67_ASAP7_75t_L, Instances: 380 Library:asap7sc7p5t_SIMPLE_LVT_TT_nldm_211120
Net Transistor Count: 6576, Transistor Per Cell: 6 Gate: NOR3x1_ASAP7_75t_L, Instances: 1096 Library:asap7sc7p5t_SIMPLE_LVT_TT_nldm_211120
Net Transistor Count: 3252, Transistor Per Cell: 6 Gate: NOR3xp33_ASAP7_75t_L, Instances: 542 Library:asap7sc7p5t_SIMPLE_LVT_TT_nldm_211120
Net Transistor Count: 2168, Transistor Per Cell: 8 Gate: NOR4xp25_ASAP7_75t_L, Instances: 271 Library:asap7sc7p5t_SIMPLE_LVT_TT_nldm_211120
Net Transistor Count: 3960, Transistor Per Cell: 8 Gate: NOR4xp75_ASAP7_75t_L, Instances: 495 Library:asap7sc7p5t_SIMPLE_LVT_TT_nldm_211120
Net Transistor Count: 10, Transistor Per Cell: 10 Gate: NOR5xp2_ASAP7_75t_L, Instances: 1 Library:asap7sc7p5t_SIMPLE_LVT_TT_nldm_211120
Net Transistor Count: 13720, Transistor Per Cell: 8 Gate: O2A1O1Ixp33_ASAP7_75t_L, Instances: 1715 Library:asap7sc7p5t_OA_LVT_TT_nldm_211120
Net Transistor Count: 360, Transistor Per Cell: 8 Gate: O2A1O1Ixp5_ASAP7_75t_L, Instances: 45 Library:asap7sc7p5t_OA_LVT_TT_nldm_211120
Net Transistor Count: 4990, Transistor Per Cell: 10 Gate: OA211x2_ASAP7_75t_L, Instances: 499 Library:asap7sc7p5t_OA_LVT_TT_nldm_211120
Net Transistor Count: 6216, Transistor Per Cell: 8 Gate: OA21x2_ASAP7_75t_L, Instances: 777 Library:asap7sc7p5t_OA_LVT_TT_nldm_211120
Net Transistor Count: 360, Transistor Per Cell: 12 Gate: OA221x2_ASAP7_75t_L, Instances: 30 Library:asap7sc7p5t_OA_LVT_TT_nldm_211120
Net Transistor Count: 2100, Transistor Per Cell: 14 Gate: OA222x2_ASAP7_75t_L, Instances: 150 Library:asap7sc7p5t_OA_LVT_TT_nldm_211120
Net Transistor Count: 5290, Transistor Per Cell: 10 Gate: OA22x2_ASAP7_75t_L, Instances: 529 Library:asap7sc7p5t_OA_LVT_TT_nldm_211120
Net Transistor Count: 20, Transistor Per Cell: 10 Gate: OA31x2_ASAP7_75t_L, Instances: 2 Library:asap7sc7p5t_OA_LVT_TT_nldm_211120
Net Transistor Count: 5792, Transistor Per Cell: 16 Gate: OA331x1_ASAP7_75t_L, Instances: 362 Library:asap7sc7p5t_OA_LVT_TT_nldm_211120
Net Transistor Count: 16920, Transistor Per Cell: 18 Gate: OA332x1_ASAP7_75t_L, Instances: 940 Library:asap7sc7p5t_OA_LVT_TT_nldm_211120
Net Transistor Count: 20, Transistor Per Cell: 20 Gate: OA333x1_ASAP7_75t_L, Instances: 1 Library:asap7sc7p5t_OA_LVT_TT_nldm_211120
Net Transistor Count: 2296, Transistor Per Cell: 14 Gate: OA33x2_ASAP7_75t_L, Instances: 164 Library:asap7sc7p5t_OA_LVT_TT_nldm_211120
Net Transistor Count: 17152, Transistor Per Cell: 8 Gate: OAI211xp5_ASAP7_75t_L, Instances: 2144 Library:asap7sc7p5t_OA_LVT_TT_nldm_211120
Net Transistor Count: 450, Transistor Per Cell: 6 Gate: OAI21x1_ASAP7_75t_L, Instances: 75 Library:asap7sc7p5t_OA_LVT_TT_nldm_211120
Net Transistor Count: 822, Transistor Per Cell: 6 Gate: OAI21xp33_ASAP7_75t_L, Instances: 137 Library:asap7sc7p5t_OA_LVT_TT_nldm_211120
Net Transistor Count: 11004, Transistor Per Cell: 6 Gate: OAI21xp5_ASAP7_75t_L, Instances: 1834 Library:asap7sc7p5t_OA_LVT_TT_nldm_211120
Net Transistor Count: 13580, Transistor Per Cell: 10 Gate: OAI221xp5_ASAP7_75t_L, Instances: 1358 Library:asap7sc7p5t_OA_LVT_TT_nldm_211120
Net Transistor Count: 1116, Transistor Per Cell: 12 Gate: OAI222xp33_ASAP7_75t_L, Instances: 93 Library:asap7sc7p5t_OA_LVT_TT_nldm_211120
Net Transistor Count: 176, Transistor Per Cell: 8 Gate: OAI22x1_ASAP7_75t_L, Instances: 22 Library:asap7sc7p5t_OA_LVT_TT_nldm_211120
Net Transistor Count: 2408, Transistor Per Cell: 8 Gate: OAI22xp33_ASAP7_75t_L, Instances: 301 Library:asap7sc7p5t_OA_LVT_TT_nldm_211120
Net Transistor Count: 15368, Transistor Per Cell: 8 Gate: OAI22xp5_ASAP7_75t_L, Instances: 1921 Library:asap7sc7p5t_OA_LVT_TT_nldm_211120
Net Transistor Count: 900, Transistor Per Cell: 10 Gate: OAI311xp33_ASAP7_75t_L, Instances: 90 Library:asap7sc7p5t_OA_LVT_TT_nldm_211120
Net Transistor Count: 488, Transistor Per Cell: 8 Gate: OAI31xp33_ASAP7_75t_L, Instances: 61 Library:asap7sc7p5t_OA_LVT_TT_nldm_211120
Net Transistor Count: 136, Transistor Per Cell: 8 Gate: OAI31xp67_ASAP7_75t_L, Instances: 17 Library:asap7sc7p5t_OA_LVT_TT_nldm_211120
Net Transistor Count: 15360, Transistor Per Cell: 12 Gate: OAI321xp33_ASAP7_75t_L, Instances: 1280 Library:asap7sc7p5t_OA_LVT_TT_nldm_211120
Net Transistor Count: 18802, Transistor Per Cell: 14 Gate: OAI322xp33_ASAP7_75t_L, Instances: 1343 Library:asap7sc7p5t_OA_LVT_TT_nldm_211120
Net Transistor Count: 13180, Transistor Per Cell: 10 Gate: OAI32xp33_ASAP7_75t_L, Instances: 1318 Library:asap7sc7p5t_OA_LVT_TT_nldm_211120
Net Transistor Count: 2772, Transistor Per Cell: 14 Gate: OAI331xp33_ASAP7_75t_L, Instances: 198 Library:asap7sc7p5t_OA_LVT_TT_nldm_211120
Net Transistor Count: 3664, Transistor Per Cell: 16 Gate: OAI332xp33_ASAP7_75t_L, Instances: 229 Library:asap7sc7p5t_OA_LVT_TT_nldm_211120
Net Transistor Count: 720, Transistor Per Cell: 18 Gate: OAI333xp33_ASAP7_75t_L, Instances: 40 Library:asap7sc7p5t_OA_LVT_TT_nldm_211120
Net Transistor Count: 6096, Transistor Per Cell: 12 Gate: OAI33xp33_ASAP7_75t_L, Instances: 508 Library:asap7sc7p5t_OA_LVT_TT_nldm_211120
Net Transistor Count: 8994, Transistor Per Cell: 6 Gate: OR2x2_ASAP7_75t_L, Instances: 1499 Library:asap7sc7p5t_SIMPLE_LVT_TT_nldm_211120
Net Transistor Count: 2256, Transistor Per Cell: 6 Gate: OR2x6_ASAP7_75t_L, Instances: 376 Library:asap7sc7p5t_SIMPLE_LVT_TT_nldm_211120
Net Transistor Count: 1208, Transistor Per Cell: 8 Gate: OR3x1_ASAP7_75t_L, Instances: 151 Library:asap7sc7p5t_SIMPLE_LVT_TT_nldm_211120
Net Transistor Count: 160, Transistor Per Cell: 10 Gate: OR4x1_ASAP7_75t_L, Instances: 16 Library:asap7sc7p5t_SIMPLE_LVT_TT_nldm_211120
Net Transistor Count: 36, Transistor Per Cell: 12 Gate: OR5x1_ASAP7_75t_L, Instances: 3 Library:asap7sc7p5t_SIMPLE_LVT_TT_nldm_211120
Net Transistor Count: 1960, Transistor Per Cell: 10 Gate: XNOR2xp5_ASAP7_75t_L, Instances: 196 Library:asap7sc7p5t_SIMPLE_LVT_TT_nldm_211120
Net Transistor Count: 58400, Transistor Per Cell: 10 Gate: XOR2xp5_ASAP7_75t_L, Instances: 5840 Library:asap7sc7p5t_SIMPLE_LVT_TT_nldm_211120
Total Transistor Count: 1109254
