============================================================
  Generated by:           Genus(TM) Synthesis Solution 21.17-s066_1
  Generated on:           Apr 29 2025  12:33:55 am
  Module:                 Top_PipelinedCipher
  Technology libraries:   asap7sc7p5t_AO_LVT_TT_nldm_211120 1.0
                          asap7sc7p5t_INVBUF_LVT_TT_nldm_211120 1.0
                          asap7sc7p5t_OA_LVT_TT_nldm_211120 1.0
                          asap7sc7p5t_SEQ_LVT_TT_nldm_220123 1.0
                          asap7sc7p5t_SIMPLE_LVT_TT_nldm_211120 1.0
                          physical_cells 
  Operating conditions:   PVT_0P7V_25C 
  Interconnect mode:      global
  Area mode:              physical library
============================================================

          Instance                              Module                    Cell Count  Cell Area  Net Area   Total Area 
-----------------------------------------------------------------------------------------------------------------------
Top_PipelinedCipher                                                           141883  16084.846  8085.149    24169.995 
  ROUND[5].U_ROUND           Round_DATA_W128_604                               10752   1141.249   603.042     1744.291 
    U_KEY                    AddRoundKey_DATA_W128_587                           406     78.980    12.522       91.502 
    U_MIX                    MixColumns_DATA_W128_596                            674    116.684    23.534      140.218 
    U_SH                     ShiftRows_DATA_W128_1815                            264     61.061     8.081       69.142 
    U_SUB                    SubBytes_DATA_W128_1824                            9408    884.525   537.091     1421.616 
      ROM[0].ROM             SBox_1691                                           590     55.725    33.617       89.342 
      ROM[1].ROM             SBox_1690                                           584     55.229    33.400       88.629 
      ROM[2].ROM             SBox_1689                                           589     55.171    33.556       88.726 
      ROM[3].ROM             SBox_1688                                           590     55.054    33.587       88.641 
      ROM[4].ROM             SBox_1687                                           596     54.952    33.789       88.741 
      ROM[5].ROM             SBox_1686                                           589     55.608    33.541       89.149 
      ROM[6].ROM             SBox_1685                                           587     54.806    33.478       88.284 
      ROM[7].ROM             SBox_1684                                           580     54.894    33.260       88.154 
      ROM[8].ROM             SBox_1683                                           595     55.812    33.758       89.570 
      ROM[9].ROM             SBox_1682                                           595     55.812    33.758       89.570 
      ROM[10].ROM            SBox_1681                                           580     54.894    33.260       88.154 
      ROM[11].ROM            SBox_1680                                           580     54.894    33.260       88.154 
      ROM[12].ROM            SBox_1679                                           580     54.894    33.260       88.154 
      ROM[13].ROM            SBox_1678                                           595     55.812    33.758       89.570 
      ROM[14].ROM            SBox_1677                                           595     55.812    33.758       89.570 
      ROM[15].ROM            SBox_1676                                           576     54.004    33.135       87.140 
  ROUND[4].U_ROUND           Round_DATA_W128_605                               10623   1133.347   598.838     1732.185 
    U_KEY                    AddRoundKey_DATA_W128_588                           394     78.222    12.148       90.370 
    U_MIX                    MixColumns_DATA_W128_597                            674    116.684    23.534      140.218 
    U_SH                     ShiftRows_DATA_W128_1816                            264     61.061     8.081       69.142 
    U_SUB                    SubBytes_DATA_W128_1825                            9291    877.381   533.261     1410.642 
      ROM[0].ROM             SBox_1707                                           585     54.690    33.355       88.045 
      ROM[1].ROM             SBox_1706                                           586     54.996    33.447       88.443 
      ROM[2].ROM             SBox_1705                                           586     55.200    33.477       88.677 
      ROM[3].ROM             SBox_1704                                           578     54.923    33.198       88.121 
      ROM[4].ROM             SBox_1703                                           578     54.194    33.213       87.407 
      ROM[5].ROM             SBox_1702                                           579     54.558    33.244       87.802 
      ROM[6].ROM             SBox_1701                                           578     54.500    33.198       87.698 
      ROM[7].ROM             SBox_1700                                           583     54.952    33.369       88.321 
      ROM[8].ROM             SBox_1699                                           569     54.690    32.902       87.592 
      ROM[9].ROM             SBox_1698                                           583     55.039    33.369       88.408 
      ROM[10].ROM            SBox_1697                                           587     54.937    33.509       88.446 
      ROM[11].ROM            SBox_1696                                           579     54.923    33.229       88.152 
      ROM[12].ROM            SBox_1695                                           579     54.923    33.229       88.152 
      ROM[13].ROM            SBox_1694                                           574     53.800    33.088       86.888 
      ROM[14].ROM            SBox_1693                                           580     54.485    33.275       87.761 
      ROM[15].ROM            SBox_1692                                           580     55.419    33.245       88.663 
  ROUND[3].U_ROUND           Round_DATA_W128_606                               10649   1133.989   599.603     1733.592 
    U_KEY                    AddRoundKey_DATA_W128_589                           393     78.163    12.117       90.281 
    U_MIX                    MixColumns_DATA_W128_598                            674    116.684    23.534      140.218 
    U_SH                     ShiftRows_DATA_W128_1817                            264     61.061     8.081       69.142 
    U_SUB                    SubBytes_DATA_W128_1826                            9318    878.081   534.058     1412.138 
      ROM[0].ROM             SBox_1723                                           585     55.025    33.416       88.441 
      ROM[1].ROM             SBox_1722                                           599     55.535    33.867       89.403 
      ROM[2].ROM             SBox_1721                                           574     53.800    33.058       86.858 
      ROM[3].ROM             SBox_1720                                           576     54.383    33.120       87.504 
      ROM[4].ROM             SBox_1719                                           592     55.462    33.649       89.112 
      ROM[5].ROM             SBox_1718                                           583     54.471    33.354       87.824 
      ROM[6].ROM             SBox_1717                                           586     54.996    33.447       88.443 
      ROM[7].ROM             SBox_1716                                           597     55.608    33.820       89.428 
      ROM[8].ROM             SBox_1715                                           574     53.975    33.073       87.048 
      ROM[9].ROM             SBox_1714                                           569     54.690    32.902       87.592 
      ROM[10].ROM            SBox_1713                                           595     55.200    33.743       88.943 
      ROM[11].ROM            SBox_1712                                           579     54.923    33.229       88.152 
      ROM[12].ROM            SBox_1711                                           579     54.923    33.229       88.152 
      ROM[13].ROM            SBox_1710                                           574     53.800    33.088       86.888 
      ROM[14].ROM            SBox_1709                                           569     54.719    32.902       87.621 
      ROM[15].ROM            SBox_1708                                           580     55.419    33.245       88.663 
  ROUND[2].U_ROUND           Round_DATA_W128_607                               10797   1139.966   604.581     1744.548 
    U_KEY                    AddRoundKey_DATA_W128_590                           393     78.163    12.117       90.281 
    U_MIX                    MixColumns_DATA_W128_599                            674    116.684    23.534      140.218 
    U_SH                     ShiftRows_DATA_W128_1818                            264     61.061     8.081       69.142 
    U_SUB                    SubBytes_DATA_W128_1827                            9466    884.058   539.035     1423.094 
      ROM[0].ROM             SBox_1739                                           593     54.894    33.696       88.589 
      ROM[1].ROM             SBox_1738                                           599     55.535    33.867       89.403 
      ROM[2].ROM             SBox_1737                                           587     54.427    33.493       87.921 
      ROM[3].ROM             SBox_1736                                           577     55.142    33.182       88.323 
      ROM[4].ROM             SBox_1735                                           581     54.646    33.276       87.922 
      ROM[5].ROM             SBox_1734                                           593     54.821    33.680       88.501 
      ROM[6].ROM             SBox_1733                                           599     55.535    33.867       89.403 
      ROM[7].ROM             SBox_1732                                           586     55.142    33.477       88.619 
      ROM[8].ROM             SBox_1731                                           599     55.564    33.867       89.432 
      ROM[9].ROM             SBox_1730                                           599     55.564    33.867       89.432 
      ROM[10].ROM            SBox_1729                                           590     55.506    33.632       89.139 
      ROM[11].ROM            SBox_1728                                           590     55.506    33.632       89.139 
      ROM[12].ROM            SBox_1727                                           590     55.506    33.632       89.139 
      ROM[13].ROM            SBox_1726                                           599     55.564    33.867       89.432 
      ROM[14].ROM            SBox_1725                                           599     55.564    33.867       89.432 
      ROM[15].ROM            SBox_1724                                           578     53.990    33.213       87.203 
  ROUND[1].U_ROUND           Round_DATA_W128_608                               10706   1133.230   601.699     1734.929 
    U_KEY                    AddRoundKey_DATA_W128_591                           392     78.076    12.086       90.162 
    U_MIX                    MixColumns_DATA_W128_600                            674    116.684    23.534      140.218 
    U_SH                     ShiftRows_DATA_W128_1819                            264     61.061     8.081       69.142 
    U_SUB                    SubBytes_DATA_W128_1828                            9376    877.410   536.184     1413.594 
      ROM[0].ROM             SBox_1755                                           586     54.879    33.462       88.341 
      ROM[1].ROM             SBox_1754                                           578     53.596    33.213       86.809 
      ROM[2].ROM             SBox_1753                                           590     55.317    33.587       88.903 
      ROM[3].ROM             SBox_1752                                           583     55.841    33.369       89.210 
      ROM[4].ROM             SBox_1751                                           586     54.544    33.401       87.945 
      ROM[5].ROM             SBox_1750                                           588     54.981    33.555       88.536 
      ROM[6].ROM             SBox_1749                                           584     54.865    33.415       88.280 
      ROM[7].ROM             SBox_1748                                           583     55.841    33.369       89.210 
      ROM[8].ROM             SBox_1747                                           586     54.733    33.477       88.211 
      ROM[9].ROM             SBox_1746                                           586     54.733    33.477       88.211 
      ROM[10].ROM            SBox_1745                                           582     54.019    33.368       87.387 
      ROM[11].ROM            SBox_1744                                           582     54.019    33.368       87.387 
      ROM[12].ROM            SBox_1743                                           582     54.019    33.368       87.387 
      ROM[13].ROM            SBox_1742                                           599     55.535    33.867       89.403 
      ROM[14].ROM            SBox_1741                                           599     55.535    33.867       89.403 
      ROM[15].ROM            SBox_1740                                           575     53.800    33.104       86.904 
  ROUND[0].U_ROUND           Round_DATA_W128                                   10660   1133.041   600.022     1733.063 
    U_KEY                    AddRoundKey_DATA_W128                               392     78.076    12.086       90.162 
    U_MIX                    MixColumns_DATA_W128                                674    116.684    23.534      140.218 
    U_SH                     ShiftRows_DATA_W128                                 264     61.061     8.081       69.142 
    U_SUB                    SubBytes_DATA_W128                                 9330    877.220   534.508     1411.728 
      ROM[0].ROM             SBox_1771                                           585     54.238    33.385       87.623 
      ROM[1].ROM             SBox_1770                                           591     53.888    33.603       87.491 
      ROM[2].ROM             SBox_1769                                           579     53.888    33.229       87.117 
      ROM[3].ROM             SBox_1768                                           573     53.931    33.072       87.004 
      ROM[4].ROM             SBox_1767                                           580     55.156    33.275       88.431 
      ROM[5].ROM             SBox_1766                                           602     55.404    33.976       89.380 
      ROM[6].ROM             SBox_1765                                           587     55.214    33.478       88.693 
      ROM[7].ROM             SBox_1764                                           584     54.573    33.370       87.942 
      ROM[8].ROM             SBox_1763                                           587     56.016    33.493       89.510 
      ROM[9].ROM             SBox_1762                                           587     56.016    33.493       89.510 
      ROM[10].ROM            SBox_1761                                           575     54.310    33.104       87.415 
      ROM[11].ROM            SBox_1760                                           575     54.310    33.104       87.415 
      ROM[12].ROM            SBox_1759                                           575     54.310    33.104       87.415 
      ROM[13].ROM            SBox_1758                                           589     56.016    33.556       89.572 
      ROM[14].ROM            SBox_1757                                           577     54.937    33.166       88.104 
      ROM[15].ROM            SBox_1756                                           577     53.859    33.182       87.040 
  U0_ARK                     AddRoundKey_DATA_W128_592                           397     79.461    12.242       91.703 
  U_KEY                      AddRoundKey_DATA_W128_583                           396     78.513    12.211       90.724 
  U_KEYEXP                   KeyExpantion_DATA_W128_KEY_L128_NO_ROUNDS10       33693   4633.714  1868.006     6501.719 
    RKGEN_U0                 RoundKeyGen_KEY_L128                               3365    462.580   184.931      647.510 
      SUB_U                  SubBytes_DATA_W32                                  2154    199.877   127.591      327.468 
        ROM[0].ROM           SBox                                                537     49.718    31.616       81.334 
        ROM[1].ROM           SBox_1810                                           537     49.718    31.616       81.334 
        ROM[2].ROM           SBox_1809                                           537     49.718    31.616       81.334 
        ROM[3].ROM           SBox_1808                                           537     49.718    31.616       81.334 
    ROUND_KEY_GEN[1].RKGEN_U RoundKeyGen_KEY_L128_1                             3380    463.921   187.327      651.248 
      SUB_U                  SubBytes_DATA_W32_1837                             2162    198.711   127.613      326.324 
        ROM[0].ROM           SBox_1807                                           540     49.499    31.664       81.163 
        ROM[1].ROM           SBox_1806                                           538     49.397    31.586       80.983 
        ROM[2].ROM           SBox_1805                                           538     49.397    31.586       80.983 
        ROM[3].ROM           SBox_1804                                           540     49.412    31.649       81.060 
    ROUND_KEY_GEN[2].RKGEN_U RoundKeyGen_KEY_L128_2                             3372    463.848   187.078      650.926 
      SUB_U                  SubBytes_DATA_W32_1836                             2154    198.638   127.363      326.001 
        ROM[0].ROM           SBox_1803                                           538     49.485    31.601       81.086 
        ROM[1].ROM           SBox_1802                                           536     49.382    31.524       80.906 
        ROM[2].ROM           SBox_1801                                           536     49.382    31.524       80.906 
        ROM[3].ROM           SBox_1800                                           538     49.382    31.586       80.969 
    ROUND_KEY_GEN[3].RKGEN_U RoundKeyGen_KEY_L128_3                             3368    463.338   186.953      650.291 
      SUB_U                  SubBytes_DATA_W32_1835                             2150    198.434   127.208      325.642 
        ROM[0].ROM           SBox_1799                                           536     49.382    31.524       80.906 
        ROM[1].ROM           SBox_1798                                           536     49.382    31.524       80.906 
        ROM[2].ROM           SBox_1797                                           536     49.382    31.524       80.906 
        ROM[3].ROM           SBox_1796                                           536     49.280    31.509       80.789 
    ROUND_KEY_GEN[4].RKGEN_U RoundKeyGen_KEY_L128_4                             3368    463.338   186.953      650.291 
      SUB_U                  SubBytes_DATA_W32_1834                             2150    198.434   127.208      325.642 
        ROM[0].ROM           SBox_1795                                           536     49.382    31.524       80.906 
        ROM[1].ROM           SBox_1794                                           536     49.382    31.524       80.906 
        ROM[2].ROM           SBox_1793                                           536     49.382    31.524       80.906 
        ROM[3].ROM           SBox_1792                                           536     49.280    31.509       80.789 
    ROUND_KEY_GEN[5].RKGEN_U RoundKeyGen_KEY_L128_5                             3368    463.338   186.953      650.291 
      SUB_U                  SubBytes_DATA_W32_1833                             2150    198.434   127.208      325.642 
        ROM[0].ROM           SBox_1791                                           536     49.382    31.524       80.906 
        ROM[1].ROM           SBox_1790                                           536     49.382    31.524       80.906 
        ROM[2].ROM           SBox_1789                                           536     49.382    31.524       80.906 
        ROM[3].ROM           SBox_1788                                           536     49.280    31.509       80.789 
    ROUND_KEY_GEN[6].RKGEN_U RoundKeyGen_KEY_L128_6                             3368    463.338   186.953      650.291 
      SUB_U                  SubBytes_DATA_W32_1832                             2150    198.434   127.208      325.642 
        ROM[0].ROM           SBox_1787                                           536     49.382    31.524       80.906 
        ROM[1].ROM           SBox_1786                                           536     49.382    31.524       80.906 
        ROM[2].ROM           SBox_1785                                           536     49.382    31.524       80.906 
        ROM[3].ROM           SBox_1784                                           536     49.280    31.509       80.789 
    ROUND_KEY_GEN[7].RKGEN_U RoundKeyGen_KEY_L128_7                             3368    463.338   186.953      650.291 
      SUB_U                  SubBytes_DATA_W32_1831                             2150    198.434   127.208      325.642 
        ROM[0].ROM           SBox_1783                                           536     49.382    31.524       80.906 
        ROM[1].ROM           SBox_1782                                           536     49.382    31.524       80.906 
        ROM[2].ROM           SBox_1781                                           536     49.382    31.524       80.906 
        ROM[3].ROM           SBox_1780                                           536     49.280    31.509       80.789 
    ROUND_KEY_GEN[8].RKGEN_U RoundKeyGen_KEY_L128_8                             3368    463.338   186.953      650.291 
      SUB_U                  SubBytes_DATA_W32_1830                             2150    198.434   127.208      325.642 
        ROM[0].ROM           SBox_1779                                           536     49.382    31.524       80.906 
        ROM[1].ROM           SBox_1778                                           536     49.382    31.524       80.906 
        ROM[2].ROM           SBox_1777                                           536     49.382    31.524       80.906 
        ROM[3].ROM           SBox_1776                                           536     49.280    31.509       80.789 
    ROUND_KEY_GEN[9].RKGEN_U RoundKeyGen_KEY_L128_9                             3368    463.338   186.953      650.291 
      SUB_U                  SubBytes_DATA_W32_1829                             2150    198.434   127.208      325.642 
        ROM[0].ROM           SBox_1775                                           536     49.382    31.524       80.906 
        ROM[1].ROM           SBox_1774                                           536     49.382    31.524       80.906 
        ROM[2].ROM           SBox_1773                                           536     49.382    31.524       80.906 
        ROM[3].ROM           SBox_1772                                           536     49.280    31.509       80.789 
  U_SH                       ShiftRows_DATA_W128_1811                            265     61.265     8.112       69.377 
  U_SUB                      SubBytes_DATA_W128_1820                            9286    877.512   533.090     1410.602 
    ROM[0].ROM               SBox_1627                                           573     54.267    33.027       87.293 
    ROM[1].ROM               SBox_1626                                           579     54.996    33.229       88.225 
    ROM[2].ROM               SBox_1625                                           596     56.060    33.728       89.788 
    ROM[3].ROM               SBox_1624                                           577     54.165    33.166       87.331 
    ROM[4].ROM               SBox_1623                                           591     55.666    33.618       89.285 
    ROM[5].ROM               SBox_1622                                           578     54.850    33.228       88.078 
    ROM[6].ROM               SBox_1621                                           581     55.594    33.291       88.885 
    ROM[7].ROM               SBox_1620                                           593     55.696    33.680       89.376 
    ROM[8].ROM               SBox_1619                                           582     54.354    33.322       87.677 
    ROM[9].ROM               SBox_1618                                           582     54.354    33.322       87.677 
    ROM[10].ROM              SBox_1617                                           582     55.025    33.292       88.317 
    ROM[11].ROM              SBox_1616                                           572     54.383    33.056       87.440 
    ROM[12].ROM              SBox_1615                                           572     54.383    33.056       87.440 
    ROM[13].ROM              SBox_1614                                           577     54.121    33.182       87.303 
    ROM[14].ROM              SBox_1613                                           571     54.369    32.934       87.303 
    ROM[15].ROM              SBox_1612                                           573     54.077    33.042       87.119 
  ROUND[8].U_ROUND           Round_DATA_W128_601                               10653   1138.756   599.697     1738.454 
    U_KEY                    AddRoundKey_DATA_W128_584                           404     79.738    12.460       92.198 
    U_MIX                    MixColumns_DATA_W128_593                            674    116.684    23.534      140.218 
    U_SH                     ShiftRows_DATA_W128_1812                            264     61.061     8.081       69.142 
    U_SUB                    SubBytes_DATA_W128_1821                            9311    881.274   533.809     1415.082 
      ROM[0].ROM             SBox_1643                                           581     55.302    33.291       88.593 
      ROM[1].ROM             SBox_1642                                           571     54.369    32.934       87.303 
      ROM[2].ROM             SBox_1641                                           574     54.660    33.043       87.703 
      ROM[3].ROM             SBox_1640                                           585     55.039    33.431       88.471 
      ROM[4].ROM             SBox_1639                                           586     54.719    33.432       88.151 
      ROM[5].ROM             SBox_1638                                           585     55.156    33.446       88.602 
      ROM[6].ROM             SBox_1637                                           587     55.462    33.493       88.956 
      ROM[7].ROM             SBox_1636                                           583     55.433    33.369       88.802 
      ROM[8].ROM             SBox_1635                                           583     55.025    33.354       88.378 
      ROM[9].ROM             SBox_1634                                           581     55.156    33.261       88.417 
      ROM[10].ROM            SBox_1633                                           590     55.389    33.557       88.946 
      ROM[11].ROM            SBox_1632                                           583     55.433    33.369       88.802 
      ROM[12].ROM            SBox_1631                                           584     54.617    33.400       88.017 
      ROM[13].ROM            SBox_1630                                           589     55.812    33.571       89.383 
      ROM[14].ROM            SBox_1629                                           575     54.631    33.089       87.720 
      ROM[15].ROM            SBox_1628                                           567     53.917    32.855       86.772 
  ROUND[7].U_ROUND           Round_DATA_W128_602                               10685   1139.194   600.908     1740.101 
    U_KEY                    AddRoundKey_DATA_W128_585                           404     79.767    12.460       92.227 
    U_MIX                    MixColumns_DATA_W128_594                            674    116.684    23.534      140.218 
    U_SH                     ShiftRows_DATA_W128_1813                            264     61.061     8.081       69.142 
    U_SUB                    SubBytes_DATA_W128_1822                            9343    881.682   535.019     1416.701 
      ROM[0].ROM             SBox_1659                                           586     54.471    33.447       87.918 
      ROM[1].ROM             SBox_1658                                           581     55.389    33.306       88.696 
      ROM[2].ROM             SBox_1657                                           584     54.617    33.400       88.017 
      ROM[3].ROM             SBox_1656                                           579     54.602    33.214       87.816 
      ROM[4].ROM             SBox_1655                                           590     55.185    33.572       88.757 
      ROM[5].ROM             SBox_1654                                           587     55.564    33.493       89.058 
      ROM[6].ROM             SBox_1653                                           574     55.229    33.103       88.332 
      ROM[7].ROM             SBox_1652                                           580     54.485    33.306       87.791 
      ROM[8].ROM             SBox_1651                                           599     56.002    33.867       89.869 
      ROM[9].ROM             SBox_1650                                           584     55.229    33.385       88.614 
      ROM[10].ROM            SBox_1649                                           584     55.608    33.369       88.978 
      ROM[11].ROM            SBox_1648                                           582     55.010    33.353       88.363 
      ROM[12].ROM            SBox_1647                                           584     54.967    33.430       88.397 
      ROM[13].ROM            SBox_1646                                           585     54.821    33.416       88.237 
      ROM[14].ROM            SBox_1645                                           585     55.419    33.431       88.850 
      ROM[15].ROM            SBox_1644                                           572     53.931    33.011       86.942 
  ROUND[6].U_ROUND           Round_DATA_W128_603                               12054   1200.153   643.279     1843.431 
    U_KEY                    AddRoundKey_DATA_W128_586                           400     79.359    12.335       91.694 
    U_MIX                    MixColumns_DATA_W128_595                            674    116.684    23.534      140.218 
    U_SH                     ShiftRows_DATA_W128_1814                            264     61.061     8.081       69.142 
    U_SUB                    SubBytes_DATA_W128_1823                           10716    943.049   577.515     1520.564 
      ROM[0].ROM             SBox_1675                                           685     58.889    36.518       95.407 
      ROM[1].ROM             SBox_1674                                           675     59.268    36.221       95.489 
      ROM[2].ROM             SBox_1673                                           673     59.020    36.159       95.179 
      ROM[3].ROM             SBox_1672                                           658     58.524    35.676       94.200 
      ROM[4].ROM             SBox_1671                                           677     60.332    36.269       96.601 
      ROM[5].ROM             SBox_1670                                           667     58.889    35.942       94.830 
      ROM[6].ROM             SBox_1669                                           672     59.151    36.113       95.264 
      ROM[7].ROM             SBox_1668                                           670     58.714    36.066       94.779 
      ROM[8].ROM             SBox_1667                                           672     59.151    36.113       95.264 
      ROM[9].ROM             SBox_1666                                           672     59.151    36.113       95.264 
      ROM[10].ROM            SBox_1665                                           670     58.684    36.066       94.750 
      ROM[11].ROM            SBox_1664                                           670     58.684    36.066       94.750 
      ROM[12].ROM            SBox_1663                                           658     58.407    35.676       94.084 
      ROM[13].ROM            SBox_1662                                           654     57.299    35.552       92.851 
      ROM[14].ROM            SBox_1661                                           671     58.859    36.081       94.941 
      ROM[15].ROM            SBox_1660                                           665     58.874    35.970       94.844 
