============================================================
  Generated by:           Genus(TM) Synthesis Solution 21.17-s066_1
  Generated on:           Apr 29 2025  12:33:54 am
  Module:                 Top_PipelinedCipher
  Technology libraries:   asap7sc7p5t_AO_LVT_TT_nldm_211120 1.0
                          asap7sc7p5t_INVBUF_LVT_TT_nldm_211120 1.0
                          asap7sc7p5t_OA_LVT_TT_nldm_211120 1.0
                          asap7sc7p5t_SEQ_LVT_TT_nldm_220123 1.0
                          asap7sc7p5t_SIMPLE_LVT_TT_nldm_211120 1.0
                          physical_cells 
  Operating conditions:   PVT_0P7V_25C 
  Interconnect mode:      global
  Area mode:              physical library
============================================================

Timing
--------

Clock Period 
-------------
clk    260.0 


  Cost    Critical         Violating 
 Group   Path Slack  TNS     Paths   
-------------------------------------
clk             0.0   0.0          0 
default    No paths   0.0            
-------------------------------------
Total                 0.0          0 

Instance Count
--------------
Leaf Instance Count             141883 
Physical Instance count              0 
Sequential Instance Count        10769 
Combinational Instance Count    131114 
Hierarchical Instance Count        270 

Area
----
Cell Area                          16084.846
Physical Cell Area                 0.000
Total Cell Area (Cell+Physical)    16084.846
Net Area                           8085.149
Total Area (Cell+Physical+Net)     24169.995

Runtime                            337.801739 seconds
Elapsed Runtime                    1026 seconds
Genus peak memory usage            2254.21 
Innovus peak memory usage          no_value 
Hostname                           ececomp2.ecn.purdue.edu
