============================================================
  Generated by:           Genus(TM) Synthesis Solution 21.17-s066_1
  Generated on:           Apr 29 2025  12:34:18 am
  Module:                 Top_PipelinedCipher
  Technology libraries:   asap7sc7p5t_AO_LVT_TT_nldm_211120 1.0
                          asap7sc7p5t_INVBUF_LVT_TT_nldm_211120 1.0
                          asap7sc7p5t_OA_LVT_TT_nldm_211120 1.0
                          asap7sc7p5t_SEQ_LVT_TT_nldm_220123 1.0
                          asap7sc7p5t_SIMPLE_LVT_TT_nldm_211120 1.0
                          physical_cells 
  Operating conditions:   PVT_0P7V_25C 
  Interconnect mode:      global
  Area mode:              physical library
============================================================

                                                  Leakage   
           Gate            Instances    Area     Power (nW)                  Library                 
-----------------------------------------------------------------------------------------------------
A2O1A1Ixp33_ASAP7_75t_L         1786    156.239     761.131    asap7sc7p5t_AO_LVT_TT_nldm_211120     
A2O1A1O1Ixp25_ASAP7_75t_L         40      5.249      35.593    asap7sc7p5t_AO_LVT_TT_nldm_211120     
AND2x2_ASAP7_75t_L             13765   1204.162   18541.688    asap7sc7p5t_SIMPLE_LVT_TT_nldm_211120 
AND2x4_ASAP7_75t_L              4958    722.876   13740.202    asap7sc7p5t_SIMPLE_LVT_TT_nldm_211120 
AND2x6_ASAP7_75t_L               173     30.268     656.541    asap7sc7p5t_SIMPLE_LVT_TT_nldm_211120 
AND3x1_ASAP7_75t_L              1255    109.787    1644.727    asap7sc7p5t_SIMPLE_LVT_TT_nldm_211120 
AND3x2_ASAP7_75t_L                18      1.837      21.793    asap7sc7p5t_SIMPLE_LVT_TT_nldm_211120 
AND3x4_ASAP7_75t_L                 5      1.021      17.630    asap7sc7p5t_SIMPLE_LVT_TT_nldm_211120 
AND4x1_ASAP7_75t_L               478     48.785    1069.468    asap7sc7p5t_SIMPLE_LVT_TT_nldm_211120 
AND5x1_ASAP7_75t_L                79      9.215     158.798    asap7sc7p5t_SIMPLE_LVT_TT_nldm_211120 
AO211x2_ASAP7_75t_L                4      0.933       7.634    asap7sc7p5t_AO_LVT_TT_nldm_211120     
AO21x1_ASAP7_75t_L               798     69.809     809.751    asap7sc7p5t_AO_LVT_TT_nldm_211120     
AO221x1_ASAP7_75t_L               36      5.249      44.635    asap7sc7p5t_AO_LVT_TT_nldm_211120     
AO222x2_ASAP7_75t_L              160     27.994     272.830    asap7sc7p5t_AO_LVT_TT_nldm_211120     
AO22x1_ASAP7_75t_L               431     56.556     365.761    asap7sc7p5t_AO_LVT_TT_nldm_211120     
AO22x2_ASAP7_75t_L                 4      0.583       5.682    asap7sc7p5t_AO_LVT_TT_nldm_211120     
AO322x2_ASAP7_75t_L               41      8.967      66.435    asap7sc7p5t_AO_LVT_TT_nldm_211120     
AO32x1_ASAP7_75t_L                70      8.165      60.247    asap7sc7p5t_AO_LVT_TT_nldm_211120     
AO332x1_ASAP7_75t_L              240     38.491     271.150    asap7sc7p5t_AO_LVT_TT_nldm_211120     
AO33x2_ASAP7_75t_L                 4      0.583       5.674    asap7sc7p5t_AO_LVT_TT_nldm_211120     
AOI211x1_ASAP7_75t_L             497     86.955     622.080    asap7sc7p5t_AO_LVT_TT_nldm_211120     
AOI211xp5_ASAP7_75t_L           1246    109.000     924.036    asap7sc7p5t_AO_LVT_TT_nldm_211120     
AOI21x1_ASAP7_75t_L              108     12.597     131.376    asap7sc7p5t_AO_LVT_TT_nldm_211120     
AOI21xp33_ASAP7_75t_L             92      6.707      41.802    asap7sc7p5t_AO_LVT_TT_nldm_211120     
AOI21xp5_ASAP7_75t_L            2515    183.344    1541.503    asap7sc7p5t_AO_LVT_TT_nldm_211120     
AOI221x1_ASAP7_75t_L             603    123.084     519.669    asap7sc7p5t_AO_LVT_TT_nldm_211120     
AOI221xp5_ASAP7_75t_L           1809    184.627    1331.277    asap7sc7p5t_AO_LVT_TT_nldm_211120     
AOI222xp33_ASAP7_75t_L           379     55.258     183.691    asap7sc7p5t_AO_LVT_TT_nldm_211120     
AOI22x1_ASAP7_75t_L              102     14.872     107.198    asap7sc7p5t_AO_LVT_TT_nldm_211120     
AOI22xp33_ASAP7_75t_L            535     46.802     243.334    asap7sc7p5t_AO_LVT_TT_nldm_211120     
AOI22xp5_ASAP7_75t_L           11656   1019.667    9006.437    asap7sc7p5t_AO_LVT_TT_nldm_211120     
AOI311xp33_ASAP7_75t_L           863     88.078     781.291    asap7sc7p5t_AO_LVT_TT_nldm_211120     
AOI31xp33_ASAP7_75t_L            380     33.242     222.933    asap7sc7p5t_AO_LVT_TT_nldm_211120     
AOI31xp67_ASAP7_75t_L             68     12.889      58.509    asap7sc7p5t_AO_LVT_TT_nldm_211120     
AOI321xp33_ASAP7_75t_L          1237    144.284     914.897    asap7sc7p5t_AO_LVT_TT_nldm_211120     
AOI322xp5_ASAP7_75t_L           1685    221.106    1007.326    asap7sc7p5t_AO_LVT_TT_nldm_211120     
AOI32xp33_ASAP7_75t_L           1179    120.329     473.564    asap7sc7p5t_AO_LVT_TT_nldm_211120     
AOI331xp33_ASAP7_75t_L           195     25.588     176.883    asap7sc7p5t_AO_LVT_TT_nldm_211120     
AOI332xp33_ASAP7_75t_L           479     69.838     412.137    asap7sc7p5t_AO_LVT_TT_nldm_211120     
AOI33xp33_ASAP7_75t_L            986    115.007     417.592    asap7sc7p5t_AO_LVT_TT_nldm_211120     
BUFx10_ASAP7_75t_L                12      2.449      72.404    asap7sc7p5t_INVBUF_LVT_TT_nldm_211120 
BUFx12_ASAP7_75t_L                11      2.566      76.612    asap7sc7p5t_INVBUF_LVT_TT_nldm_211120 
BUFx12f_ASAP7_75t_L              170     44.615    1366.952    asap7sc7p5t_INVBUF_LVT_TT_nldm_211120 
BUFx2_ASAP7_75t_L                643     46.875     859.184    asap7sc7p5t_INVBUF_LVT_TT_nldm_211120 
BUFx3_ASAP7_75t_L               1406    122.997    2810.880    asap7sc7p5t_INVBUF_LVT_TT_nldm_211120 
BUFx4_ASAP7_75t_L                  1      0.102       2.377    asap7sc7p5t_INVBUF_LVT_TT_nldm_211120 
BUFx4f_ASAP7_75t_L               341     39.774     913.989    asap7sc7p5t_INVBUF_LVT_TT_nldm_211120 
BUFx6f_ASAP7_75t_L              1425    207.765    5722.229    asap7sc7p5t_INVBUF_LVT_TT_nldm_211120 
BUFx8_ASAP7_75t_L                 16      2.799      74.841    asap7sc7p5t_INVBUF_LVT_TT_nldm_211120 
CKINVDCx10_ASAP7_75t_L            18      6.299      90.329    asap7sc7p5t_INVBUF_LVT_TT_nldm_211120 
CKINVDCx5p33_ASAP7_75t_L           4      1.283      10.762    asap7sc7p5t_INVBUF_LVT_TT_nldm_211120 
CKINVDCx6p67_ASAP7_75t_L          42     14.697     140.719    asap7sc7p5t_INVBUF_LVT_TT_nldm_211120 
CKINVDCx9p33_ASAP7_75t_L          16      6.532      74.955    asap7sc7p5t_INVBUF_LVT_TT_nldm_211120 
DFFASRHQNx1_ASAP7_75t_L        10769   4082.313   31484.570    asap7sc7p5t_SEQ_LVT_TT_nldm_220123    
FAx1_ASAP7_75t_L                 270     55.112     546.950    asap7sc7p5t_SIMPLE_LVT_TT_nldm_211120 
HAxp5_ASAP7_75t_L                  2      0.262       2.589    asap7sc7p5t_SIMPLE_LVT_TT_nldm_211120 
HB1xp67_ASAP7_75t_L              461     26.886     232.029    asap7sc7p5t_INVBUF_LVT_TT_nldm_211120 
INVx11_ASAP7_75t_L                21      3.980     117.407    asap7sc7p5t_INVBUF_LVT_TT_nldm_211120 
INVx1_ASAP7_75t_L              16869    737.850    8567.979    asap7sc7p5t_INVBUF_LVT_TT_nldm_211120 
INVx2_ASAP7_75t_L               5584    325.659    5673.258    asap7sc7p5t_INVBUF_LVT_TT_nldm_211120 
INVx3_ASAP7_75t_L               1494    108.913    2273.758    asap7sc7p5t_INVBUF_LVT_TT_nldm_211120 
INVx4_ASAP7_75t_L                900     78.732    1820.495    asap7sc7p5t_INVBUF_LVT_TT_nldm_211120 
INVx5_ASAP7_75t_L                260     26.536     652.757    asap7sc7p5t_INVBUF_LVT_TT_nldm_211120 
INVx6_ASAP7_75t_L                329     38.375     990.218    asap7sc7p5t_INVBUF_LVT_TT_nldm_211120 
INVx8_ASAP7_75t_L                117     17.059     470.583    asap7sc7p5t_INVBUF_LVT_TT_nldm_211120 
INVxp33_ASAP7_75t_L               17      0.744       2.898    asap7sc7p5t_INVBUF_LVT_TT_nldm_211120 
INVxp67_ASAP7_75t_L              334     14.609     112.312    asap7sc7p5t_INVBUF_LVT_TT_nldm_211120 
NAND2x1_ASAP7_75t_L             1240    108.475     920.467    asap7sc7p5t_SIMPLE_LVT_TT_nldm_211120 
NAND2x1p5_ASAP7_75t_L            615     71.734     626.694    asap7sc7p5t_SIMPLE_LVT_TT_nldm_211120 
NAND2x2_ASAP7_75t_L               54      7.873      82.344    asap7sc7p5t_SIMPLE_LVT_TT_nldm_211120 
NAND2xp33_ASAP7_75t_L            468     27.294     103.687    asap7sc7p5t_SIMPLE_LVT_TT_nldm_211120 
NAND2xp5_ASAP7_75t_L            9216    537.477    3584.823    asap7sc7p5t_SIMPLE_LVT_TT_nldm_211120 
NAND2xp67_ASAP7_75t_L             17      1.487      10.741    asap7sc7p5t_SIMPLE_LVT_TT_nldm_211120 
NAND3x1_ASAP7_75t_L             1101    176.578    1515.143    asap7sc7p5t_SIMPLE_LVT_TT_nldm_211120 
NAND3xp33_ASAP7_75t_L           2396    174.668     927.140    asap7sc7p5t_SIMPLE_LVT_TT_nldm_211120 
NAND4xp25_ASAP7_75t_L            423     37.004     470.898    asap7sc7p5t_SIMPLE_LVT_TT_nldm_211120 
NAND4xp75_ASAP7_75t_L            786    160.438    2647.224    asap7sc7p5t_SIMPLE_LVT_TT_nldm_211120 
NAND5xp2_ASAP7_75t_L             360     36.742     500.947    asap7sc7p5t_SIMPLE_LVT_TT_nldm_211120 
NOR2x1_ASAP7_75t_L               836     73.133     753.531    asap7sc7p5t_SIMPLE_LVT_TT_nldm_211120 
NOR2x1p5_ASAP7_75t_L             165     19.246     143.956    asap7sc7p5t_SIMPLE_LVT_TT_nldm_211120 
NOR2x2_ASAP7_75t_L                 1      0.146       0.951    asap7sc7p5t_SIMPLE_LVT_TT_nldm_211120 
NOR2xp33_ASAP7_75t_L            2665    155.423     664.109    asap7sc7p5t_SIMPLE_LVT_TT_nldm_211120 
NOR2xp67_ASAP7_75t_L             380     33.242     199.417    asap7sc7p5t_SIMPLE_LVT_TT_nldm_211120 
NOR3x1_ASAP7_75t_L              1096    175.776    1614.968    asap7sc7p5t_SIMPLE_LVT_TT_nldm_211120 
NOR3xp33_ASAP7_75t_L             542     39.512     450.350    asap7sc7p5t_SIMPLE_LVT_TT_nldm_211120 
NOR4xp25_ASAP7_75t_L             271     23.707      69.125    asap7sc7p5t_SIMPLE_LVT_TT_nldm_211120 
NOR4xp75_ASAP7_75t_L             495    101.039    1485.130    asap7sc7p5t_SIMPLE_LVT_TT_nldm_211120 
NOR5xp2_ASAP7_75t_L                1      0.102       1.669    asap7sc7p5t_SIMPLE_LVT_TT_nldm_211120 
O2A1O1Ixp33_ASAP7_75t_L         1715    150.028     724.811    asap7sc7p5t_OA_LVT_TT_nldm_211120     
O2A1O1Ixp5_ASAP7_75t_L            45      5.249      30.167    asap7sc7p5t_OA_LVT_TT_nldm_211120     
OA211x2_ASAP7_75t_L              499     58.203     753.911    asap7sc7p5t_OA_LVT_TT_nldm_211120     
OA21x2_ASAP7_75t_L               777     79.301    1367.921    asap7sc7p5t_OA_LVT_TT_nldm_211120     
OA221x2_ASAP7_75t_L               30      6.998      54.545    asap7sc7p5t_OA_LVT_TT_nldm_211120     
OA222x2_ASAP7_75t_L              150     26.244     241.135    asap7sc7p5t_OA_LVT_TT_nldm_211120     
OA22x2_ASAP7_75t_L               529     77.128     793.844    asap7sc7p5t_OA_LVT_TT_nldm_211120     
OA31x2_ASAP7_75t_L                 2      0.437       3.845    asap7sc7p5t_OA_LVT_TT_nldm_211120     
OA331x1_ASAP7_75t_L              362     52.780     497.489    asap7sc7p5t_OA_LVT_TT_nldm_211120     
OA332x1_ASAP7_75t_L              940    150.757     981.584    asap7sc7p5t_OA_LVT_TT_nldm_211120     
OA333x1_ASAP7_75t_L                1      0.175       0.987    asap7sc7p5t_OA_LVT_TT_nldm_211120     
OA33x2_ASAP7_75t_L               164     23.911     223.316    asap7sc7p5t_OA_LVT_TT_nldm_211120     
OAI211xp5_ASAP7_75t_L           2144    187.557    1539.614    asap7sc7p5t_OA_LVT_TT_nldm_211120     
OAI21x1_ASAP7_75t_L               75      8.748     110.901    asap7sc7p5t_OA_LVT_TT_nldm_211120     
OAI21xp33_ASAP7_75t_L            137      9.987      74.758    asap7sc7p5t_OA_LVT_TT_nldm_211120     
OAI21xp5_ASAP7_75t_L            1834    133.699    1301.230    asap7sc7p5t_OA_LVT_TT_nldm_211120     
OAI221xp5_ASAP7_75t_L           1358    138.597     856.006    asap7sc7p5t_OA_LVT_TT_nldm_211120     
OAI222xp33_ASAP7_75t_L            93     13.559      59.554    asap7sc7p5t_OA_LVT_TT_nldm_211120     
OAI22x1_ASAP7_75t_L               22      3.208      21.702    asap7sc7p5t_OA_LVT_TT_nldm_211120     
OAI22xp33_ASAP7_75t_L            301     26.331     134.757    asap7sc7p5t_OA_LVT_TT_nldm_211120     
OAI22xp5_ASAP7_75t_L            1921    168.049     923.200    asap7sc7p5t_OA_LVT_TT_nldm_211120     
OAI311xp33_ASAP7_75t_L            90      9.185      72.627    asap7sc7p5t_OA_LVT_TT_nldm_211120     
OAI31xp33_ASAP7_75t_L             61      5.336      32.965    asap7sc7p5t_OA_LVT_TT_nldm_211120     
OAI31xp67_ASAP7_75t_L             17      3.222      13.895    asap7sc7p5t_OA_LVT_TT_nldm_211120     
OAI321xp33_ASAP7_75t_L          1280    149.299     829.468    asap7sc7p5t_OA_LVT_TT_nldm_211120     
OAI322xp33_ASAP7_75t_L          1343    176.228     588.802    asap7sc7p5t_OA_LVT_TT_nldm_211120     
OAI32xp33_ASAP7_75t_L           1318    134.515     419.702    asap7sc7p5t_OA_LVT_TT_nldm_211120     
OAI331xp33_ASAP7_75t_L           198     25.982     162.618    asap7sc7p5t_OA_LVT_TT_nldm_211120     
OAI332xp33_ASAP7_75t_L           229     33.388     122.033    asap7sc7p5t_OA_LVT_TT_nldm_211120     
OAI333xp33_ASAP7_75t_L            40      6.415      19.507    asap7sc7p5t_OA_LVT_TT_nldm_211120     
OAI33xp33_ASAP7_75t_L            508     59.253     171.105    asap7sc7p5t_OA_LVT_TT_nldm_211120     
OR2x2_ASAP7_75t_L               1499    131.133    2189.558    asap7sc7p5t_SIMPLE_LVT_TT_nldm_211120 
OR2x6_ASAP7_75t_L                376     65.785    1449.854    asap7sc7p5t_SIMPLE_LVT_TT_nldm_211120 
OR3x1_ASAP7_75t_L                151     13.209     167.490    asap7sc7p5t_SIMPLE_LVT_TT_nldm_211120 
OR4x1_ASAP7_75t_L                 16      1.633      37.591    asap7sc7p5t_SIMPLE_LVT_TT_nldm_211120 
OR5x1_ASAP7_75t_L                  3      0.350       6.425    asap7sc7p5t_SIMPLE_LVT_TT_nldm_211120 
XNOR2xp5_ASAP7_75t_L             196     25.719     259.781    asap7sc7p5t_SIMPLE_LVT_TT_nldm_211120 
XOR2xp5_ASAP7_75t_L             5840    766.325    7701.351    asap7sc7p5t_SIMPLE_LVT_TT_nldm_211120 
-----------------------------------------------------------------------------------------------------
total                         141883  16084.846  164552.306                                          


                                                                       Leakage  Leakage 
               Library                Instances Instances %   Area   Power (nW) Power % 
----------------------------------------------------------------------------------------
asap7sc7p5t_AO_LVT_TT_nldm_211120         30228        21.3 3052.090  21824.057    13.3 
asap7sc7p5t_INVBUF_LVT_TT_nldm_211120     30491        21.5 1878.094  33129.926    20.1 
asap7sc7p5t_OA_LVT_TT_nldm_211120         18183        12.8 1923.773  13128.000     8.0 
asap7sc7p5t_SEQ_LVT_TT_nldm_220123        10769         7.6 4082.313  31484.570    19.1 
asap7sc7p5t_SIMPLE_LVT_TT_nldm_211120     52212        36.8 5148.577  64985.754    39.5 

                                            Leakage  Leakage 
     Type      Instances    Area   Area % Power (nW) Power % 
-------------------------------------------------------------
sequential         10769  4082.313   25.4  31484.570    19.1 
inverter           26005  1381.265    8.6  20998.429    12.8 
buffer              4486   496.828    3.1  12131.497     7.4 
logic             100623 10124.439   62.9  99937.811    60.7 
physical_cells         0     0.000    0.0      0.000     0.0 
-------------------------------------------------------------
total             141883 16084.846  100.0 164552.306   100.0 

