============================================================
  Generated by:           Genus(TM) Synthesis Solution 21.17-s066_1
  Generated on:           Apr 29 2025  12:20:52 am
  Module:                 Top_PipelinedCipher
  Technology libraries:   asap7sc7p5t_AO_LVT_TT_nldm_211120 1.0
                          asap7sc7p5t_INVBUF_LVT_TT_nldm_211120 1.0
                          asap7sc7p5t_OA_LVT_TT_nldm_211120 1.0
                          asap7sc7p5t_SEQ_LVT_TT_nldm_220123 1.0
                          asap7sc7p5t_SIMPLE_LVT_TT_nldm_211120 1.0
                          physical_cells 
  Operating conditions:   PVT_0P7V_25C 
  Interconnect mode:      global
  Area mode:              physical library
============================================================

          Instance                              Module                    Cell Count  Cell Area  Net Area   Total Area 
-----------------------------------------------------------------------------------------------------------------------
Top_PipelinedCipher                                                           241585  22336.889     4.021    22340.910 
  ROUND[0].U_ROUND           Round_DATA_W128                                   19081   1694.687     0.000     1694.687 
    U_KEY                    AddRoundKey_DATA_W128                               515     69.665     0.000       69.665 
    U_MIX                    MixColumns_DATA_W128                               1426    145.490     0.000      145.490 
    U_SH                     ShiftRows_DATA_W128                                 130     37.621     0.000       37.621 
    U_SUB                    SubBytes_DATA_W128                                17010   1441.911     0.000     1441.911 
      ROM[0].ROM             SBox                                               1063     90.099     0.000       90.099 
      ROM[1].ROM             SBox                                               1063     90.099     0.000       90.099 
      ROM[2].ROM             SBox                                               1063     90.099     0.000       90.099 
      ROM[3].ROM             SBox                                               1063     90.099     0.000       90.099 
      ROM[4].ROM             SBox                                               1063     90.099     0.000       90.099 
      ROM[5].ROM             SBox                                               1063     90.099     0.000       90.099 
      ROM[6].ROM             SBox                                               1063     90.099     0.000       90.099 
      ROM[7].ROM             SBox                                               1063     90.099     0.000       90.099 
      ROM[8].ROM             SBox                                               1063     90.099     0.000       90.099 
      ROM[9].ROM             SBox                                               1063     90.099     0.000       90.099 
      ROM[10].ROM            SBox                                               1063     90.099     0.000       90.099 
      ROM[11].ROM            SBox                                               1063     90.099     0.000       90.099 
      ROM[12].ROM            SBox                                               1063     90.099     0.000       90.099 
      ROM[13].ROM            SBox                                               1063     90.099     0.000       90.099 
      ROM[14].ROM            SBox                                               1063     90.099     0.000       90.099 
      ROM[15].ROM            SBox                                               1063     90.099     0.000       90.099 
  ROUND[1].U_ROUND           Round_DATA_W128_608                               19081   1694.687     0.000     1694.687 
    U_KEY                    AddRoundKey_DATA_W128_591                           515     69.665     0.000       69.665 
    U_MIX                    MixColumns_DATA_W128_600                           1426    145.490     0.000      145.490 
    U_SH                     ShiftRows_DATA_W128_1819                            130     37.621     0.000       37.621 
    U_SUB                    SubBytes_DATA_W128_1828                           17010   1441.911     0.000     1441.911 
      ROM[0].ROM             SBox                                               1063     90.099     0.000       90.099 
      ROM[1].ROM             SBox                                               1063     90.099     0.000       90.099 
      ROM[2].ROM             SBox                                               1063     90.099     0.000       90.099 
      ROM[3].ROM             SBox                                               1063     90.099     0.000       90.099 
      ROM[4].ROM             SBox                                               1063     90.099     0.000       90.099 
      ROM[5].ROM             SBox                                               1063     90.099     0.000       90.099 
      ROM[6].ROM             SBox                                               1063     90.099     0.000       90.099 
      ROM[7].ROM             SBox                                               1063     90.099     0.000       90.099 
      ROM[8].ROM             SBox                                               1063     90.099     0.000       90.099 
      ROM[9].ROM             SBox                                               1063     90.099     0.000       90.099 
      ROM[10].ROM            SBox                                               1063     90.099     0.000       90.099 
      ROM[11].ROM            SBox                                               1063     90.099     0.000       90.099 
      ROM[12].ROM            SBox                                               1063     90.099     0.000       90.099 
      ROM[13].ROM            SBox                                               1063     90.099     0.000       90.099 
      ROM[14].ROM            SBox                                               1063     90.099     0.000       90.099 
      ROM[15].ROM            SBox                                               1063     90.099     0.000       90.099 
  ROUND[2].U_ROUND           Round_DATA_W128_607                               19081   1694.687     0.000     1694.687 
    U_KEY                    AddRoundKey_DATA_W128_590                           515     69.665     0.000       69.665 
    U_MIX                    MixColumns_DATA_W128_599                           1426    145.490     0.000      145.490 
    U_SH                     ShiftRows_DATA_W128_1818                            130     37.621     0.000       37.621 
    U_SUB                    SubBytes_DATA_W128_1827                           17010   1441.911     0.000     1441.911 
      ROM[0].ROM             SBox                                               1063     90.099     0.000       90.099 
      ROM[1].ROM             SBox                                               1063     90.099     0.000       90.099 
      ROM[2].ROM             SBox                                               1063     90.099     0.000       90.099 
      ROM[3].ROM             SBox                                               1063     90.099     0.000       90.099 
      ROM[4].ROM             SBox                                               1063     90.099     0.000       90.099 
      ROM[5].ROM             SBox                                               1063     90.099     0.000       90.099 
      ROM[6].ROM             SBox                                               1063     90.099     0.000       90.099 
      ROM[7].ROM             SBox                                               1063     90.099     0.000       90.099 
      ROM[8].ROM             SBox                                               1063     90.099     0.000       90.099 
      ROM[9].ROM             SBox                                               1063     90.099     0.000       90.099 
      ROM[10].ROM            SBox                                               1063     90.099     0.000       90.099 
      ROM[11].ROM            SBox                                               1063     90.099     0.000       90.099 
      ROM[12].ROM            SBox                                               1063     90.099     0.000       90.099 
      ROM[13].ROM            SBox                                               1063     90.099     0.000       90.099 
      ROM[14].ROM            SBox                                               1063     90.099     0.000       90.099 
      ROM[15].ROM            SBox                                               1063     90.099     0.000       90.099 
  ROUND[3].U_ROUND           Round_DATA_W128_606                               19081   1694.687     0.000     1694.687 
    U_KEY                    AddRoundKey_DATA_W128_589                           515     69.665     0.000       69.665 
    U_MIX                    MixColumns_DATA_W128_598                           1426    145.490     0.000      145.490 
    U_SH                     ShiftRows_DATA_W128_1817                            130     37.621     0.000       37.621 
    U_SUB                    SubBytes_DATA_W128_1826                           17010   1441.911     0.000     1441.911 
      ROM[0].ROM             SBox                                               1063     90.099     0.000       90.099 
      ROM[1].ROM             SBox                                               1063     90.099     0.000       90.099 
      ROM[2].ROM             SBox                                               1063     90.099     0.000       90.099 
      ROM[3].ROM             SBox                                               1063     90.099     0.000       90.099 
      ROM[4].ROM             SBox                                               1063     90.099     0.000       90.099 
      ROM[5].ROM             SBox                                               1063     90.099     0.000       90.099 
      ROM[6].ROM             SBox                                               1063     90.099     0.000       90.099 
      ROM[7].ROM             SBox                                               1063     90.099     0.000       90.099 
      ROM[8].ROM             SBox                                               1063     90.099     0.000       90.099 
      ROM[9].ROM             SBox                                               1063     90.099     0.000       90.099 
      ROM[10].ROM            SBox                                               1063     90.099     0.000       90.099 
      ROM[11].ROM            SBox                                               1063     90.099     0.000       90.099 
      ROM[12].ROM            SBox                                               1063     90.099     0.000       90.099 
      ROM[13].ROM            SBox                                               1063     90.099     0.000       90.099 
      ROM[14].ROM            SBox                                               1063     90.099     0.000       90.099 
      ROM[15].ROM            SBox                                               1063     90.099     0.000       90.099 
  ROUND[4].U_ROUND           Round_DATA_W128_605                               19081   1694.687     0.000     1694.687 
    U_KEY                    AddRoundKey_DATA_W128_588                           515     69.665     0.000       69.665 
    U_MIX                    MixColumns_DATA_W128_597                           1426    145.490     0.000      145.490 
    U_SH                     ShiftRows_DATA_W128_1816                            130     37.621     0.000       37.621 
    U_SUB                    SubBytes_DATA_W128_1825                           17010   1441.911     0.000     1441.911 
      ROM[0].ROM             SBox                                               1063     90.099     0.000       90.099 
      ROM[1].ROM             SBox                                               1063     90.099     0.000       90.099 
      ROM[2].ROM             SBox                                               1063     90.099     0.000       90.099 
      ROM[3].ROM             SBox                                               1063     90.099     0.000       90.099 
      ROM[4].ROM             SBox                                               1063     90.099     0.000       90.099 
      ROM[5].ROM             SBox                                               1063     90.099     0.000       90.099 
      ROM[6].ROM             SBox                                               1063     90.099     0.000       90.099 
      ROM[7].ROM             SBox                                               1063     90.099     0.000       90.099 
      ROM[8].ROM             SBox                                               1063     90.099     0.000       90.099 
      ROM[9].ROM             SBox                                               1063     90.099     0.000       90.099 
      ROM[10].ROM            SBox                                               1063     90.099     0.000       90.099 
      ROM[11].ROM            SBox                                               1063     90.099     0.000       90.099 
      ROM[12].ROM            SBox                                               1063     90.099     0.000       90.099 
      ROM[13].ROM            SBox                                               1063     90.099     0.000       90.099 
      ROM[14].ROM            SBox                                               1063     90.099     0.000       90.099 
      ROM[15].ROM            SBox                                               1063     90.099     0.000       90.099 
  ROUND[5].U_ROUND           Round_DATA_W128_604                               19081   1694.687     0.000     1694.687 
    U_KEY                    AddRoundKey_DATA_W128_587                           515     69.665     0.000       69.665 
    U_MIX                    MixColumns_DATA_W128_596                           1426    145.490     0.000      145.490 
    U_SH                     ShiftRows_DATA_W128_1815                            130     37.621     0.000       37.621 
    U_SUB                    SubBytes_DATA_W128_1824                           17010   1441.911     0.000     1441.911 
      ROM[0].ROM             SBox                                               1063     90.099     0.000       90.099 
      ROM[1].ROM             SBox                                               1063     90.099     0.000       90.099 
      ROM[2].ROM             SBox                                               1063     90.099     0.000       90.099 
      ROM[3].ROM             SBox                                               1063     90.099     0.000       90.099 
      ROM[4].ROM             SBox                                               1063     90.099     0.000       90.099 
      ROM[5].ROM             SBox                                               1063     90.099     0.000       90.099 
      ROM[6].ROM             SBox                                               1063     90.099     0.000       90.099 
      ROM[7].ROM             SBox                                               1063     90.099     0.000       90.099 
      ROM[8].ROM             SBox                                               1063     90.099     0.000       90.099 
      ROM[9].ROM             SBox                                               1063     90.099     0.000       90.099 
      ROM[10].ROM            SBox                                               1063     90.099     0.000       90.099 
      ROM[11].ROM            SBox                                               1063     90.099     0.000       90.099 
      ROM[12].ROM            SBox                                               1063     90.099     0.000       90.099 
      ROM[13].ROM            SBox                                               1063     90.099     0.000       90.099 
      ROM[14].ROM            SBox                                               1063     90.099     0.000       90.099 
      ROM[15].ROM            SBox                                               1063     90.099     0.000       90.099 
  ROUND[6].U_ROUND           Round_DATA_W128_603                               19081   1694.687     0.000     1694.687 
    U_KEY                    AddRoundKey_DATA_W128_586                           515     69.665     0.000       69.665 
    U_MIX                    MixColumns_DATA_W128_595                           1426    145.490     0.000      145.490 
    U_SH                     ShiftRows_DATA_W128_1814                            130     37.621     0.000       37.621 
    U_SUB                    SubBytes_DATA_W128_1823                           17010   1441.911     0.000     1441.911 
      ROM[0].ROM             SBox                                               1063     90.099     0.000       90.099 
      ROM[1].ROM             SBox                                               1063     90.099     0.000       90.099 
      ROM[2].ROM             SBox                                               1063     90.099     0.000       90.099 
      ROM[3].ROM             SBox                                               1063     90.099     0.000       90.099 
      ROM[4].ROM             SBox                                               1063     90.099     0.000       90.099 
      ROM[5].ROM             SBox                                               1063     90.099     0.000       90.099 
      ROM[6].ROM             SBox                                               1063     90.099     0.000       90.099 
      ROM[7].ROM             SBox                                               1063     90.099     0.000       90.099 
      ROM[8].ROM             SBox                                               1063     90.099     0.000       90.099 
      ROM[9].ROM             SBox                                               1063     90.099     0.000       90.099 
      ROM[10].ROM            SBox                                               1063     90.099     0.000       90.099 
      ROM[11].ROM            SBox                                               1063     90.099     0.000       90.099 
      ROM[12].ROM            SBox                                               1063     90.099     0.000       90.099 
      ROM[13].ROM            SBox                                               1063     90.099     0.000       90.099 
      ROM[14].ROM            SBox                                               1063     90.099     0.000       90.099 
      ROM[15].ROM            SBox                                               1063     90.099     0.000       90.099 
  ROUND[7].U_ROUND           Round_DATA_W128_602                               19081   1694.687     0.000     1694.687 
    U_KEY                    AddRoundKey_DATA_W128_585                           515     69.665     0.000       69.665 
    U_MIX                    MixColumns_DATA_W128_594                           1426    145.490     0.000      145.490 
    U_SH                     ShiftRows_DATA_W128_1813                            130     37.621     0.000       37.621 
    U_SUB                    SubBytes_DATA_W128_1822                           17010   1441.911     0.000     1441.911 
      ROM[0].ROM             SBox                                               1063     90.099     0.000       90.099 
      ROM[1].ROM             SBox                                               1063     90.099     0.000       90.099 
      ROM[2].ROM             SBox                                               1063     90.099     0.000       90.099 
      ROM[3].ROM             SBox                                               1063     90.099     0.000       90.099 
      ROM[4].ROM             SBox                                               1063     90.099     0.000       90.099 
      ROM[5].ROM             SBox                                               1063     90.099     0.000       90.099 
      ROM[6].ROM             SBox                                               1063     90.099     0.000       90.099 
      ROM[7].ROM             SBox                                               1063     90.099     0.000       90.099 
      ROM[8].ROM             SBox                                               1063     90.099     0.000       90.099 
      ROM[9].ROM             SBox                                               1063     90.099     0.000       90.099 
      ROM[10].ROM            SBox                                               1063     90.099     0.000       90.099 
      ROM[11].ROM            SBox                                               1063     90.099     0.000       90.099 
      ROM[12].ROM            SBox                                               1063     90.099     0.000       90.099 
      ROM[13].ROM            SBox                                               1063     90.099     0.000       90.099 
      ROM[14].ROM            SBox                                               1063     90.099     0.000       90.099 
      ROM[15].ROM            SBox                                               1063     90.099     0.000       90.099 
  ROUND[8].U_ROUND           Round_DATA_W128_601                               19081   1694.687     0.000     1694.687 
    U_KEY                    AddRoundKey_DATA_W128_584                           515     69.665     0.000       69.665 
    U_MIX                    MixColumns_DATA_W128_593                           1426    145.490     0.000      145.490 
    U_SH                     ShiftRows_DATA_W128_1812                            130     37.621     0.000       37.621 
    U_SUB                    SubBytes_DATA_W128_1821                           17010   1441.911     0.000     1441.911 
      ROM[0].ROM             SBox                                               1063     90.099     0.000       90.099 
      ROM[1].ROM             SBox                                               1063     90.099     0.000       90.099 
      ROM[2].ROM             SBox                                               1063     90.099     0.000       90.099 
      ROM[3].ROM             SBox                                               1063     90.099     0.000       90.099 
      ROM[4].ROM             SBox                                               1063     90.099     0.000       90.099 
      ROM[5].ROM             SBox                                               1063     90.099     0.000       90.099 
      ROM[6].ROM             SBox                                               1063     90.099     0.000       90.099 
      ROM[7].ROM             SBox                                               1063     90.099     0.000       90.099 
      ROM[8].ROM             SBox                                               1063     90.099     0.000       90.099 
      ROM[9].ROM             SBox                                               1063     90.099     0.000       90.099 
      ROM[10].ROM            SBox                                               1063     90.099     0.000       90.099 
      ROM[11].ROM            SBox                                               1063     90.099     0.000       90.099 
      ROM[12].ROM            SBox                                               1063     90.099     0.000       90.099 
      ROM[13].ROM            SBox                                               1063     90.099     0.000       90.099 
      ROM[14].ROM            SBox                                               1063     90.099     0.000       90.099 
      ROM[15].ROM            SBox                                               1063     90.099     0.000       90.099 
  U0_ARK                     AddRoundKey_DATA_W128_592                           515     69.665     0.000       69.665 
  U_KEY                      AddRoundKey_DATA_W128_583                           515     69.665     0.000       69.665 
  U_KEYEXP                   KeyExpantion_DATA_W128_KEY_L128_NO_ROUNDS10       51556   5428.225     0.000     5428.225 
    RKGEN_U0                 RoundKeyGen_KEY_L128                               5155    542.797     0.000      542.797 
      SUB_U                  SubBytes_DATA_W32                                  4254    360.727     0.000      360.727 
        ROM[0].ROM           SBox                                               1063     90.099     0.000       90.099 
        ROM[1].ROM           SBox                                               1063     90.099     0.000       90.099 
        ROM[2].ROM           SBox                                               1063     90.099     0.000       90.099 
        ROM[3].ROM           SBox                                               1063     90.099     0.000       90.099 
    ROUND_KEY_GEN[1].RKGEN_U RoundKeyGen_KEY_L128_1                             5155    542.797     0.000      542.797 
      SUB_U                  SubBytes_DATA_W32_1837                             4254    360.727     0.000      360.727 
        ROM[0].ROM           SBox                                               1063     90.099     0.000       90.099 
        ROM[1].ROM           SBox                                               1063     90.099     0.000       90.099 
        ROM[2].ROM           SBox                                               1063     90.099     0.000       90.099 
        ROM[3].ROM           SBox                                               1063     90.099     0.000       90.099 
    ROUND_KEY_GEN[2].RKGEN_U RoundKeyGen_KEY_L128_2                             5155    542.797     0.000      542.797 
      SUB_U                  SubBytes_DATA_W32_1836                             4254    360.727     0.000      360.727 
        ROM[0].ROM           SBox                                               1063     90.099     0.000       90.099 
        ROM[1].ROM           SBox                                               1063     90.099     0.000       90.099 
        ROM[2].ROM           SBox                                               1063     90.099     0.000       90.099 
        ROM[3].ROM           SBox                                               1063     90.099     0.000       90.099 
    ROUND_KEY_GEN[3].RKGEN_U RoundKeyGen_KEY_L128_3                             5155    542.797     0.000      542.797 
      SUB_U                  SubBytes_DATA_W32_1835                             4254    360.727     0.000      360.727 
        ROM[0].ROM           SBox                                               1063     90.099     0.000       90.099 
        ROM[1].ROM           SBox                                               1063     90.099     0.000       90.099 
        ROM[2].ROM           SBox                                               1063     90.099     0.000       90.099 
        ROM[3].ROM           SBox                                               1063     90.099     0.000       90.099 
    ROUND_KEY_GEN[4].RKGEN_U RoundKeyGen_KEY_L128_4                             5155    542.797     0.000      542.797 
      SUB_U                  SubBytes_DATA_W32_1834                             4254    360.727     0.000      360.727 
        ROM[0].ROM           SBox                                               1063     90.099     0.000       90.099 
        ROM[1].ROM           SBox                                               1063     90.099     0.000       90.099 
        ROM[2].ROM           SBox                                               1063     90.099     0.000       90.099 
        ROM[3].ROM           SBox                                               1063     90.099     0.000       90.099 
    ROUND_KEY_GEN[5].RKGEN_U RoundKeyGen_KEY_L128_5                             5155    542.797     0.000      542.797 
      SUB_U                  SubBytes_DATA_W32_1833                             4254    360.727     0.000      360.727 
        ROM[0].ROM           SBox                                               1063     90.099     0.000       90.099 
        ROM[1].ROM           SBox                                               1063     90.099     0.000       90.099 
        ROM[2].ROM           SBox                                               1063     90.099     0.000       90.099 
        ROM[3].ROM           SBox                                               1063     90.099     0.000       90.099 
    ROUND_KEY_GEN[6].RKGEN_U RoundKeyGen_KEY_L128_6                             5155    542.797     0.000      542.797 
      SUB_U                  SubBytes_DATA_W32_1832                             4254    360.727     0.000      360.727 
        ROM[0].ROM           SBox                                               1063     90.099     0.000       90.099 
        ROM[1].ROM           SBox                                               1063     90.099     0.000       90.099 
        ROM[2].ROM           SBox                                               1063     90.099     0.000       90.099 
        ROM[3].ROM           SBox                                               1063     90.099     0.000       90.099 
    ROUND_KEY_GEN[7].RKGEN_U RoundKeyGen_KEY_L128_7                             5155    542.797     0.000      542.797 
      SUB_U                  SubBytes_DATA_W32_1831                             4254    360.727     0.000      360.727 
        ROM[0].ROM           SBox                                               1063     90.099     0.000       90.099 
        ROM[1].ROM           SBox                                               1063     90.099     0.000       90.099 
        ROM[2].ROM           SBox                                               1063     90.099     0.000       90.099 
        ROM[3].ROM           SBox                                               1063     90.099     0.000       90.099 
    ROUND_KEY_GEN[8].RKGEN_U RoundKeyGen_KEY_L128_8                             5158    542.922     0.000      542.922 
      SUB_U                  SubBytes_DATA_W32_1830                             4254    360.727     0.000      360.727 
        ROM[0].ROM           SBox                                               1063     90.099     0.000       90.099 
        ROM[1].ROM           SBox                                               1063     90.099     0.000       90.099 
        ROM[2].ROM           SBox                                               1063     90.099     0.000       90.099 
        ROM[3].ROM           SBox                                               1063     90.099     0.000       90.099 
    ROUND_KEY_GEN[9].RKGEN_U RoundKeyGen_KEY_L128_9                             5158    542.922     0.000      542.922 
      SUB_U                  SubBytes_DATA_W32_1829                             4254    360.727     0.000      360.727 
        ROM[0].ROM           SBox                                               1063     90.099     0.000       90.099 
        ROM[1].ROM           SBox                                               1063     90.099     0.000       90.099 
        ROM[2].ROM           SBox                                               1063     90.099     0.000       90.099 
        ROM[3].ROM           SBox                                               1063     90.099     0.000       90.099 
  U_SH                       ShiftRows_DATA_W128_1811                            130     37.621     0.000       37.621 
  U_SUB                      SubBytes_DATA_W128_1820                           17010   1441.911     0.000     1441.911 
    ROM[0].ROM               SBox                                               1063     90.099     0.000       90.099 
    ROM[1].ROM               SBox                                               1063     90.099     0.000       90.099 
    ROM[2].ROM               SBox                                               1063     90.099     0.000       90.099 
    ROM[3].ROM               SBox                                               1063     90.099     0.000       90.099 
    ROM[4].ROM               SBox                                               1063     90.099     0.000       90.099 
    ROM[5].ROM               SBox                                               1063     90.099     0.000       90.099 
    ROM[6].ROM               SBox                                               1063     90.099     0.000       90.099 
    ROM[7].ROM               SBox                                               1063     90.099     0.000       90.099 
    ROM[8].ROM               SBox                                               1063     90.099     0.000       90.099 
    ROM[9].ROM               SBox                                               1063     90.099     0.000       90.099 
    ROM[10].ROM              SBox                                               1063     90.099     0.000       90.099 
    ROM[11].ROM              SBox                                               1063     90.099     0.000       90.099 
    ROM[12].ROM              SBox                                               1063     90.099     0.000       90.099 
    ROM[13].ROM              SBox                                               1063     90.099     0.000       90.099 
    ROM[14].ROM              SBox                                               1063     90.099     0.000       90.099 
    ROM[15].ROM              SBox                                               1063     90.099     0.000       90.099 
