============================================================
  Generated by:           Genus(TM) Synthesis Solution 21.17-s066_1
  Generated on:           Apr 29 2025  12:20:52 am
  Module:                 Top_PipelinedCipher
  Technology libraries:   asap7sc7p5t_AO_LVT_TT_nldm_211120 1.0
                          asap7sc7p5t_INVBUF_LVT_TT_nldm_211120 1.0
                          asap7sc7p5t_OA_LVT_TT_nldm_211120 1.0
                          asap7sc7p5t_SEQ_LVT_TT_nldm_220123 1.0
                          asap7sc7p5t_SIMPLE_LVT_TT_nldm_211120 1.0
                          physical_cells 
  Operating conditions:   PVT_0P7V_25C 
  Interconnect mode:      global
  Area mode:              physical library
============================================================

Timing
--------

Clock Period 
-------------
clk    260.0 


  Cost    Critical         Violating 
 Group   Path Slack  TNS     Paths   
-------------------------------------
clk             3.1   0.0          0 
default    No paths   0.0            
-------------------------------------
Total                 0.0          0 

Instance Count
--------------
Leaf Instance Count             241585 
Physical Instance count              0 
Sequential Instance Count        10769 
Combinational Instance Count    230816 
Hierarchical Instance Count        270 

Area
----
Cell Area                          22336.889
Physical Cell Area                 0.000
Total Cell Area (Cell+Physical)    22336.889
Net Area                           4.021
Total Area (Cell+Physical+Net)     22340.910

Runtime                            9.627015 seconds
Elapsed Runtime                    245 seconds
Genus peak memory usage            2137.64 
Innovus peak memory usage          no_value 
Hostname                           ececomp2.ecn.purdue.edu
