============================================================
  Generated by:           Genus(TM) Synthesis Solution 21.17-s066_1
  Generated on:           Apr 29 2025  12:26:19 am
  Module:                 Top_PipelinedCipher
  Technology libraries:   asap7sc7p5t_AO_LVT_TT_nldm_211120 1.0
                          asap7sc7p5t_INVBUF_LVT_TT_nldm_211120 1.0
                          asap7sc7p5t_OA_LVT_TT_nldm_211120 1.0
                          asap7sc7p5t_SEQ_LVT_TT_nldm_220123 1.0
                          asap7sc7p5t_SIMPLE_LVT_TT_nldm_211120 1.0
                          physical_cells 
  Operating conditions:   PVT_0P7V_25C 
  Interconnect mode:      global
  Area mode:              physical library
============================================================

                                                  Leakage   
           Gate            Instances    Area     Power (nW)                  Library                 
-----------------------------------------------------------------------------------------------------
A2O1A1Ixp33_ASAP7_75t_L         1960    171.461     866.915    asap7sc7p5t_AO_LVT_TT_nldm_211120     
A2O1A1O1Ixp25_ASAP7_75t_L         40      5.249      35.593    asap7sc7p5t_AO_LVT_TT_nldm_211120     
AND2x2_ASAP7_75t_L             12821   1121.581   17055.787    asap7sc7p5t_SIMPLE_LVT_TT_nldm_211120 
AND2x4_ASAP7_75t_L              5126    747.371   14175.331    asap7sc7p5t_SIMPLE_LVT_TT_nldm_211120 
AND2x6_ASAP7_75t_L               184     32.193     689.117    asap7sc7p5t_SIMPLE_LVT_TT_nldm_211120 
AND3x1_ASAP7_75t_L               920     80.482    1264.175    asap7sc7p5t_SIMPLE_LVT_TT_nldm_211120 
AND4x1_ASAP7_75t_L               240     24.494     573.966    asap7sc7p5t_SIMPLE_LVT_TT_nldm_211120 
AND5x1_ASAP7_75t_L               200     23.328     416.174    asap7sc7p5t_SIMPLE_LVT_TT_nldm_211120 
AO21x1_ASAP7_75t_L               640     55.987     668.983    asap7sc7p5t_AO_LVT_TT_nldm_211120     
AO221x1_ASAP7_75t_L              160     23.328     200.509    asap7sc7p5t_AO_LVT_TT_nldm_211120     
AO222x2_ASAP7_75t_L              160     27.994     272.835    asap7sc7p5t_AO_LVT_TT_nldm_211120     
AO22x1_ASAP7_75t_L               440     57.737     359.924    asap7sc7p5t_AO_LVT_TT_nldm_211120     
AO322x2_ASAP7_75t_L               40      8.748      64.918    asap7sc7p5t_AO_LVT_TT_nldm_211120     
AO332x1_ASAP7_75t_L              240     38.491     271.150    asap7sc7p5t_AO_LVT_TT_nldm_211120     
AOI211x1_ASAP7_75t_L              61     10.673      83.633    asap7sc7p5t_AO_LVT_TT_nldm_211120     
AOI211xp5_ASAP7_75t_L           1419    124.134    1044.545    asap7sc7p5t_AO_LVT_TT_nldm_211120     
AOI21xp33_ASAP7_75t_L             72      5.249      36.757    asap7sc7p5t_AO_LVT_TT_nldm_211120     
AOI21xp5_ASAP7_75t_L            2768    201.787    1685.164    asap7sc7p5t_AO_LVT_TT_nldm_211120     
AOI221x1_ASAP7_75t_L             520    106.142     431.465    asap7sc7p5t_AO_LVT_TT_nldm_211120     
AOI221xp5_ASAP7_75t_L           1960    200.038    1441.490    asap7sc7p5t_AO_LVT_TT_nldm_211120     
AOI222xp33_ASAP7_75t_L           240     34.992     117.946    asap7sc7p5t_AO_LVT_TT_nldm_211120     
AOI22x1_ASAP7_75t_L              127     18.517     138.801    asap7sc7p5t_AO_LVT_TT_nldm_211120     
AOI22xp33_ASAP7_75t_L             67      5.861      31.332    asap7sc7p5t_AO_LVT_TT_nldm_211120     
AOI22xp5_ASAP7_75t_L           12094   1057.983    9314.539    asap7sc7p5t_AO_LVT_TT_nldm_211120     
AOI311xp33_ASAP7_75t_L          1120    114.307     990.074    asap7sc7p5t_AO_LVT_TT_nldm_211120     
AOI31xp33_ASAP7_75t_L            396     34.642     232.371    asap7sc7p5t_AO_LVT_TT_nldm_211120     
AOI31xp67_ASAP7_75t_L              4      0.758       3.571    asap7sc7p5t_AO_LVT_TT_nldm_211120     
AOI321xp33_ASAP7_75t_L          1360    158.630    1006.480    asap7sc7p5t_AO_LVT_TT_nldm_211120     
AOI322xp5_ASAP7_75t_L           1760    230.947    1047.330    asap7sc7p5t_AO_LVT_TT_nldm_211120     
AOI32xp33_ASAP7_75t_L           1160    118.390     465.989    asap7sc7p5t_AO_LVT_TT_nldm_211120     
AOI331xp33_ASAP7_75t_L           200     26.244     181.188    asap7sc7p5t_AO_LVT_TT_nldm_211120     
AOI332xp33_ASAP7_75t_L           480     69.984     413.041    asap7sc7p5t_AO_LVT_TT_nldm_211120     
AOI33xp33_ASAP7_75t_L           1000    116.640     424.914    asap7sc7p5t_AO_LVT_TT_nldm_211120     
BUFx10_ASAP7_75t_L                10      2.041      60.373    asap7sc7p5t_INVBUF_LVT_TT_nldm_211120 
BUFx2_ASAP7_75t_L                646     47.093     858.601    asap7sc7p5t_INVBUF_LVT_TT_nldm_211120 
BUFx3_ASAP7_75t_L               3916    342.572    7846.964    asap7sc7p5t_INVBUF_LVT_TT_nldm_211120 
BUFx4f_ASAP7_75t_L                85      9.914     226.862    asap7sc7p5t_INVBUF_LVT_TT_nldm_211120 
BUFx6f_ASAP7_75t_L              1367    199.309    5510.645    asap7sc7p5t_INVBUF_LVT_TT_nldm_211120 
BUFx8_ASAP7_75t_L                 20      3.499      93.336    asap7sc7p5t_INVBUF_LVT_TT_nldm_211120 
CKINVDCx5p33_ASAP7_75t_L          50     16.038     132.957    asap7sc7p5t_INVBUF_LVT_TT_nldm_211120 
CKINVDCx6p67_ASAP7_75t_L          30     10.498     100.513    asap7sc7p5t_INVBUF_LVT_TT_nldm_211120 
DFFASRHQNx1_ASAP7_75t_L        10769   4082.313   31484.566    asap7sc7p5t_SEQ_LVT_TT_nldm_220123    
HB1xp67_ASAP7_75t_L              204     11.897     103.423    asap7sc7p5t_INVBUF_LVT_TT_nldm_211120 
INVx11_ASAP7_75t_L                10      1.895      56.293    asap7sc7p5t_INVBUF_LVT_TT_nldm_211120 
INVx1_ASAP7_75t_L              22860    999.896   11591.277    asap7sc7p5t_INVBUF_LVT_TT_nldm_211120 
INVx2_ASAP7_75t_L              14260    831.643   14416.221    asap7sc7p5t_INVBUF_LVT_TT_nldm_211120 
INVx3_ASAP7_75t_L               1435    104.612    2183.207    asap7sc7p5t_INVBUF_LVT_TT_nldm_211120 
INVx4_ASAP7_75t_L               1325    115.911    2668.429    asap7sc7p5t_INVBUF_LVT_TT_nldm_211120 
INVx5_ASAP7_75t_L                150     15.309     375.676    asap7sc7p5t_INVBUF_LVT_TT_nldm_211120 
INVx6_ASAP7_75t_L                210     24.494     629.293    asap7sc7p5t_INVBUF_LVT_TT_nldm_211120 
INVxp33_ASAP7_75t_L               10      0.437       1.706    asap7sc7p5t_INVBUF_LVT_TT_nldm_211120 
INVxp67_ASAP7_75t_L               40      1.750      13.729    asap7sc7p5t_INVBUF_LVT_TT_nldm_211120 
NAND2x1_ASAP7_75t_L             1004     87.830     746.724    asap7sc7p5t_SIMPLE_LVT_TT_nldm_211120 
NAND2x1p5_ASAP7_75t_L            640     74.650     625.517    asap7sc7p5t_SIMPLE_LVT_TT_nldm_211120 
NAND2xp33_ASAP7_75t_L            184     10.731      45.953    asap7sc7p5t_SIMPLE_LVT_TT_nldm_211120 
NAND2xp5_ASAP7_75t_L            8416    490.821    3172.510    asap7sc7p5t_SIMPLE_LVT_TT_nldm_211120 
NAND2xp67_ASAP7_75t_L             76      6.648      41.553    asap7sc7p5t_SIMPLE_LVT_TT_nldm_211120 
NAND3x1_ASAP7_75t_L              391     62.709     546.701    asap7sc7p5t_SIMPLE_LVT_TT_nldm_211120 
NAND3xp33_ASAP7_75t_L           2129    155.204     700.867    asap7sc7p5t_SIMPLE_LVT_TT_nldm_211120 
NAND4xp25_ASAP7_75t_L            320     27.994     369.271    asap7sc7p5t_SIMPLE_LVT_TT_nldm_211120 
NAND4xp75_ASAP7_75t_L            520    106.142    1807.978    asap7sc7p5t_SIMPLE_LVT_TT_nldm_211120 
NAND5xp2_ASAP7_75t_L            1040    106.142    1345.788    asap7sc7p5t_SIMPLE_LVT_TT_nldm_211120 
NOR2x1_ASAP7_75t_L               171     14.959     153.842    asap7sc7p5t_SIMPLE_LVT_TT_nldm_211120 
NOR2x1p5_ASAP7_75t_L             160     18.662     138.893    asap7sc7p5t_SIMPLE_LVT_TT_nldm_211120 
NOR2xp33_ASAP7_75t_L            2556    149.066     639.269    asap7sc7p5t_SIMPLE_LVT_TT_nldm_211120 
NOR2xp67_ASAP7_75t_L             633     55.375     350.879    asap7sc7p5t_SIMPLE_LVT_TT_nldm_211120 
NOR3x1_ASAP7_75t_L               669    107.294     964.943    asap7sc7p5t_SIMPLE_LVT_TT_nldm_211120 
NOR3xp33_ASAP7_75t_L             611     44.542     548.405    asap7sc7p5t_SIMPLE_LVT_TT_nldm_211120 
NOR4xp25_ASAP7_75t_L             240     20.995      29.944    asap7sc7p5t_SIMPLE_LVT_TT_nldm_211120 
NOR4xp75_ASAP7_75t_L             280     57.154     802.642    asap7sc7p5t_SIMPLE_LVT_TT_nldm_211120 
NOR5xp2_ASAP7_75t_L              480     48.989     635.460    asap7sc7p5t_SIMPLE_LVT_TT_nldm_211120 
O2A1O1Ixp33_ASAP7_75t_L         1640    143.467     669.747    asap7sc7p5t_OA_LVT_TT_nldm_211120     
O2A1O1Ixp5_ASAP7_75t_L           160     18.662     113.429    asap7sc7p5t_OA_LVT_TT_nldm_211120     
OA211x2_ASAP7_75t_L              520     60.653     785.667    asap7sc7p5t_OA_LVT_TT_nldm_211120     
OA21x2_ASAP7_75t_L               640     65.318    1133.110    asap7sc7p5t_OA_LVT_TT_nldm_211120     
OA222x2_ASAP7_75t_L              160     27.994     257.226    asap7sc7p5t_OA_LVT_TT_nldm_211120     
OA22x2_ASAP7_75t_L               520     75.816     780.733    asap7sc7p5t_OA_LVT_TT_nldm_211120     
OA331x1_ASAP7_75t_L              360     52.488     494.745    asap7sc7p5t_OA_LVT_TT_nldm_211120     
OA332x1_ASAP7_75t_L              960    153.965    1002.575    asap7sc7p5t_OA_LVT_TT_nldm_211120     
OA33x2_ASAP7_75t_L               160     23.328     217.255    asap7sc7p5t_OA_LVT_TT_nldm_211120     
OAI211xp5_ASAP7_75t_L           2640    230.947    1920.738    asap7sc7p5t_OA_LVT_TT_nldm_211120     
OAI21x1_ASAP7_75t_L              150     17.496     228.494    asap7sc7p5t_OA_LVT_TT_nldm_211120     
OAI21xp33_ASAP7_75t_L             40      2.916      21.892    asap7sc7p5t_OA_LVT_TT_nldm_211120     
OAI21xp5_ASAP7_75t_L            1850    134.865    1329.579    asap7sc7p5t_OA_LVT_TT_nldm_211120     
OAI221xp5_ASAP7_75t_L           1440    146.966     904.504    asap7sc7p5t_OA_LVT_TT_nldm_211120     
OAI222xp33_ASAP7_75t_L            40      5.832      25.662    asap7sc7p5t_OA_LVT_TT_nldm_211120     
OAI22xp33_ASAP7_75t_L            199     17.409     105.399    asap7sc7p5t_OA_LVT_TT_nldm_211120     
OAI22xp5_ASAP7_75t_L            1961    171.548     942.524    asap7sc7p5t_OA_LVT_TT_nldm_211120     
OAI311xp33_ASAP7_75t_L            80      8.165      63.424    asap7sc7p5t_OA_LVT_TT_nldm_211120     
OAI31xp33_ASAP7_75t_L             40      3.499      22.557    asap7sc7p5t_OA_LVT_TT_nldm_211120     
OAI321xp33_ASAP7_75t_L          1520    177.293    1000.984    asap7sc7p5t_OA_LVT_TT_nldm_211120     
OAI322xp33_ASAP7_75t_L          1360    178.459     597.426    asap7sc7p5t_OA_LVT_TT_nldm_211120     
OAI32xp33_ASAP7_75t_L           1360    138.802     433.116    asap7sc7p5t_OA_LVT_TT_nldm_211120     
OAI331xp33_ASAP7_75t_L           200     26.244     164.184    asap7sc7p5t_OA_LVT_TT_nldm_211120     
OAI332xp33_ASAP7_75t_L           240     34.992     126.710    asap7sc7p5t_OA_LVT_TT_nldm_211120     
OAI333xp33_ASAP7_75t_L            40      6.415      19.507    asap7sc7p5t_OA_LVT_TT_nldm_211120     
OAI33xp33_ASAP7_75t_L            520     60.653     175.559    asap7sc7p5t_OA_LVT_TT_nldm_211120     
OR2x2_ASAP7_75t_L               1000     87.480    1423.549    asap7sc7p5t_SIMPLE_LVT_TT_nldm_211120 
OR2x6_ASAP7_75t_L                240     41.990     960.826    asap7sc7p5t_SIMPLE_LVT_TT_nldm_211120 
OR3x1_ASAP7_75t_L                 80      6.998      93.254    asap7sc7p5t_SIMPLE_LVT_TT_nldm_211120 
XNOR2xp5_ASAP7_75t_L             466     61.149     618.168    asap7sc7p5t_SIMPLE_LVT_TT_nldm_211120 
XOR2xp5_ASAP7_75t_L             6110    801.754    8056.458    asap7sc7p5t_SIMPLE_LVT_TT_nldm_211120 
-----------------------------------------------------------------------------------------------------
total                         154592  16504.954  172716.216                                          


                                                                       Leakage  Leakage 
               Library                Instances Instances %   Area   Power (nW) Power % 
----------------------------------------------------------------------------------------
asap7sc7p5t_AO_LVT_TT_nldm_211120         30488        19.7 3024.913  21831.456    12.6 
asap7sc7p5t_INVBUF_LVT_TT_nldm_211120     46628        30.2 2738.809  46869.505    27.1 
asap7sc7p5t_OA_LVT_TT_nldm_211120         18800        12.2 1984.192  13536.747     7.8 
asap7sc7p5t_SEQ_LVT_TT_nldm_220123        10769         7.0 4082.313  31484.566    18.2 
asap7sc7p5t_SIMPLE_LVT_TT_nldm_211120     47907        31.0 4674.727  58993.942    34.2 

                                            Leakage  Leakage 
     Type      Instances    Area   Area % Power (nW) Power % 
-------------------------------------------------------------
sequential         10769  4082.313   24.7  31484.566    18.2 
inverter           40380  2122.484   12.9  32169.300    18.6 
buffer              6248   616.326    3.7  14700.205     8.5 
logic              97195  9683.832   58.7  94362.145    54.6 
physical_cells         0     0.000    0.0      0.000     0.0 
-------------------------------------------------------------
total             154592 16504.954  100.0 172716.216   100.0 

