============================================================
  Generated by:           Genus(TM) Synthesis Solution 21.17-s066_1
  Generated on:           Apr 29 2025  12:25:54 am
  Module:                 Top_PipelinedCipher
  Technology libraries:   asap7sc7p5t_AO_LVT_TT_nldm_211120 1.0
                          asap7sc7p5t_INVBUF_LVT_TT_nldm_211120 1.0
                          asap7sc7p5t_OA_LVT_TT_nldm_211120 1.0
                          asap7sc7p5t_SEQ_LVT_TT_nldm_220123 1.0
                          asap7sc7p5t_SIMPLE_LVT_TT_nldm_211120 1.0
                          physical_cells 
  Operating conditions:   PVT_0P7V_25C 
  Interconnect mode:      global
  Area mode:              physical library
============================================================

          Instance                              Module                    Cell Count  Cell Area  Net Area   Total Area 
-----------------------------------------------------------------------------------------------------------------------
Top_PipelinedCipher                                                           154592  16504.954  8478.494    24983.448 
  ROUND[0].U_ROUND           Round_DATA_W128                                   11909   1174.127   638.592     1812.719 
    U_KEY                    AddRoundKey_DATA_W128                               390     77.464    12.024       89.487 
    U_MIX                    MixColumns_DATA_W128                                704    118.390    24.469      142.859 
    U_SH                     ShiftRows_DATA_W128                                 259     60.245     5.981       66.226 
    U_SUB                    SubBytes_DATA_W128                                10556    918.030   572.360     1490.390 
      ROM[0].ROM             SBox_1771                                           681     58.524    36.363       94.887 
      ROM[1].ROM             SBox_1770                                           661     57.124    35.770       92.894 
      ROM[2].ROM             SBox_1769                                           661     57.154    35.770       92.923 
      ROM[3].ROM             SBox_1768                                           661     57.154    35.770       92.923 
      ROM[4].ROM             SBox_1767                                           660     57.547    35.739       93.286 
      ROM[5].ROM             SBox_1766                                           660     57.649    35.739       93.388 
      ROM[6].ROM             SBox_1765                                           656     57.168    35.614       92.782 
      ROM[7].ROM             SBox_1764                                           656     57.110    35.614       92.724 
      ROM[8].ROM             SBox_1763                                           656     57.168    35.614       92.782 
      ROM[9].ROM             SBox_1762                                           656     57.081    35.614       92.695 
      ROM[10].ROM            SBox_1761                                           656     57.110    35.614       92.724 
      ROM[11].ROM            SBox_1760                                           656     57.110    35.614       92.724 
      ROM[12].ROM            SBox_1759                                           656     57.110    35.614       92.724 
      ROM[13].ROM            SBox_1758                                           656     57.168    35.614       92.782 
      ROM[14].ROM            SBox_1757                                           656     57.081    35.614       92.695 
      ROM[15].ROM            SBox_1756                                           660     57.445    35.739       93.184 
  ROUND[1].U_ROUND           Round_DATA_W128_608                               11894   1173.865   638.124     1811.989 
    U_KEY                    AddRoundKey_DATA_W128_591                           390     77.464    12.024       89.487 
    U_MIX                    MixColumns_DATA_W128_600                            704    118.390    24.469      142.859 
    U_SH                     ShiftRows_DATA_W128_1819                            259     60.245     5.981       66.226 
    U_SUB                    SubBytes_DATA_W128_1828                           10541    917.767   571.893     1489.660 
      ROM[0].ROM             SBox_1755                                           681     58.524    36.363       94.887 
      ROM[1].ROM             SBox_1754                                           656     57.081    35.614       92.695 
      ROM[2].ROM             SBox_1753                                           656     57.110    35.614       92.724 
      ROM[3].ROM             SBox_1752                                           656     57.110    35.614       92.724 
      ROM[4].ROM             SBox_1751                                           660     57.649    35.739       93.388 
      ROM[5].ROM             SBox_1750                                           660     57.649    35.739       93.388 
      ROM[6].ROM             SBox_1749                                           656     57.168    35.614       92.782 
      ROM[7].ROM             SBox_1748                                           656     57.110    35.614       92.724 
      ROM[8].ROM             SBox_1747                                           656     57.168    35.614       92.782 
      ROM[9].ROM             SBox_1746                                           656     57.081    35.614       92.695 
      ROM[10].ROM            SBox_1745                                           656     57.081    35.614       92.695 
      ROM[11].ROM            SBox_1744                                           656     57.081    35.614       92.695 
      ROM[12].ROM            SBox_1743                                           656     57.081    35.614       92.695 
      ROM[13].ROM            SBox_1742                                           656     57.052    35.614       92.665 
      ROM[14].ROM            SBox_1741                                           656     57.052    35.614       92.665 
      ROM[15].ROM            SBox_1740                                           660     57.445    35.739       93.184 
  ROUND[2].U_ROUND           Round_DATA_W128_607                               11894   1173.486   638.124     1811.610 
    U_KEY                    AddRoundKey_DATA_W128_590                           390     77.464    12.024       89.487 
    U_MIX                    MixColumns_DATA_W128_599                            704    118.390    24.469      142.859 
    U_SH                     ShiftRows_DATA_W128_1818                            259     60.245     5.981       66.226 
    U_SUB                    SubBytes_DATA_W128_1827                           10541    917.388   571.893     1489.281 
      ROM[0].ROM             SBox_1739                                           681     58.524    36.363       94.887 
      ROM[1].ROM             SBox_1738                                           656     57.052    35.614       92.665 
      ROM[2].ROM             SBox_1737                                           656     57.081    35.614       92.695 
      ROM[3].ROM             SBox_1736                                           656     57.081    35.614       92.695 
      ROM[4].ROM             SBox_1735                                           660     57.649    35.739       93.388 
      ROM[5].ROM             SBox_1734                                           660     57.649    35.739       93.388 
      ROM[6].ROM             SBox_1733                                           656     57.052    35.614       92.665 
      ROM[7].ROM             SBox_1732                                           656     57.081    35.614       92.695 
      ROM[8].ROM             SBox_1731                                           656     57.052    35.614       92.665 
      ROM[9].ROM             SBox_1730                                           656     57.052    35.614       92.665 
      ROM[10].ROM            SBox_1729                                           656     57.081    35.614       92.695 
      ROM[11].ROM            SBox_1728                                           656     57.081    35.614       92.695 
      ROM[12].ROM            SBox_1727                                           656     57.081    35.614       92.695 
      ROM[13].ROM            SBox_1726                                           656     57.052    35.614       92.665 
      ROM[14].ROM            SBox_1725                                           656     57.052    35.614       92.665 
      ROM[15].ROM            SBox_1724                                           660     57.445    35.739       93.184 
  ROUND[3].U_ROUND           Round_DATA_W128_606                               11894   1174.069   638.124     1812.193 
    U_KEY                    AddRoundKey_DATA_W128_589                           390     77.464    12.024       89.487 
    U_MIX                    MixColumns_DATA_W128_598                            704    118.390    24.469      142.859 
    U_SH                     ShiftRows_DATA_W128_1817                            259     60.245     5.981       66.226 
    U_SUB                    SubBytes_DATA_W128_1826                           10541    917.971   571.893     1489.864 
      ROM[0].ROM             SBox_1723                                           681     58.524    36.363       94.887 
      ROM[1].ROM             SBox_1722                                           656     57.052    35.614       92.665 
      ROM[2].ROM             SBox_1721                                           656     57.110    35.614       92.724 
      ROM[3].ROM             SBox_1720                                           656     57.110    35.614       92.724 
      ROM[4].ROM             SBox_1719                                           660     57.649    35.739       93.388 
      ROM[5].ROM             SBox_1718                                           660     57.649    35.739       93.388 
      ROM[6].ROM             SBox_1717                                           656     57.168    35.614       92.782 
      ROM[7].ROM             SBox_1716                                           656     57.110    35.614       92.724 
      ROM[8].ROM             SBox_1715                                           656     57.168    35.614       92.782 
      ROM[9].ROM             SBox_1714                                           656     57.081    35.614       92.695 
      ROM[10].ROM            SBox_1713                                           656     57.110    35.614       92.724 
      ROM[11].ROM            SBox_1712                                           656     57.110    35.614       92.724 
      ROM[12].ROM            SBox_1711                                           656     57.110    35.614       92.724 
      ROM[13].ROM            SBox_1710                                           656     57.168    35.614       92.782 
      ROM[14].ROM            SBox_1709                                           656     57.081    35.614       92.695 
      ROM[15].ROM            SBox_1708                                           660     57.445    35.739       93.184 
  ROUND[4].U_ROUND           Round_DATA_W128_605                               11894   1174.098   638.124     1812.222 
    U_KEY                    AddRoundKey_DATA_W128_588                           390     77.464    12.024       89.487 
    U_MIX                    MixColumns_DATA_W128_597                            704    118.390    24.469      142.859 
    U_SH                     ShiftRows_DATA_W128_1816                            259     60.245     5.981       66.226 
    U_SUB                    SubBytes_DATA_W128_1825                           10541    918.001   571.893     1489.893 
      ROM[0].ROM             SBox_1707                                           681     58.524    36.363       94.887 
      ROM[1].ROM             SBox_1706                                           656     57.081    35.614       92.695 
      ROM[2].ROM             SBox_1705                                           656     57.110    35.614       92.724 
      ROM[3].ROM             SBox_1704                                           656     57.110    35.614       92.724 
      ROM[4].ROM             SBox_1703                                           660     57.649    35.739       93.388 
      ROM[5].ROM             SBox_1702                                           660     57.649    35.739       93.388 
      ROM[6].ROM             SBox_1701                                           656     57.168    35.614       92.782 
      ROM[7].ROM             SBox_1700                                           656     57.110    35.614       92.724 
      ROM[8].ROM             SBox_1699                                           656     57.168    35.614       92.782 
      ROM[9].ROM             SBox_1698                                           656     57.081    35.614       92.695 
      ROM[10].ROM            SBox_1697                                           656     57.110    35.614       92.724 
      ROM[11].ROM            SBox_1696                                           656     57.110    35.614       92.724 
      ROM[12].ROM            SBox_1695                                           656     57.110    35.614       92.724 
      ROM[13].ROM            SBox_1694                                           656     57.168    35.614       92.782 
      ROM[14].ROM            SBox_1693                                           656     57.081    35.614       92.695 
      ROM[15].ROM            SBox_1692                                           660     57.445    35.739       93.184 
  ROUND[5].U_ROUND           Round_DATA_W128_604                               11894   1174.098   638.124     1812.222 
    U_KEY                    AddRoundKey_DATA_W128_587                           390     77.464    12.024       89.487 
    U_MIX                    MixColumns_DATA_W128_596                            704    118.390    24.469      142.859 
    U_SH                     ShiftRows_DATA_W128_1815                            259     60.245     5.981       66.226 
    U_SUB                    SubBytes_DATA_W128_1824                           10541    918.001   571.893     1489.893 
      ROM[0].ROM             SBox_1691                                           681     58.524    36.363       94.887 
      ROM[1].ROM             SBox_1690                                           656     57.081    35.614       92.695 
      ROM[2].ROM             SBox_1689                                           656     57.110    35.614       92.724 
      ROM[3].ROM             SBox_1688                                           656     57.110    35.614       92.724 
      ROM[4].ROM             SBox_1687                                           660     57.649    35.739       93.388 
      ROM[5].ROM             SBox_1686                                           660     57.649    35.739       93.388 
      ROM[6].ROM             SBox_1685                                           656     57.168    35.614       92.782 
      ROM[7].ROM             SBox_1684                                           656     57.110    35.614       92.724 
      ROM[8].ROM             SBox_1683                                           656     57.168    35.614       92.782 
      ROM[9].ROM             SBox_1682                                           656     57.081    35.614       92.695 
      ROM[10].ROM            SBox_1681                                           656     57.110    35.614       92.724 
      ROM[11].ROM            SBox_1680                                           656     57.110    35.614       92.724 
      ROM[12].ROM            SBox_1679                                           656     57.110    35.614       92.724 
      ROM[13].ROM            SBox_1678                                           656     57.168    35.614       92.782 
      ROM[14].ROM            SBox_1677                                           656     57.081    35.614       92.695 
      ROM[15].ROM            SBox_1676                                           660     57.445    35.739       93.184 
  ROUND[6].U_ROUND           Round_DATA_W128_603                               11894   1174.098   638.124     1812.222 
    U_KEY                    AddRoundKey_DATA_W128_586                           390     77.464    12.024       89.487 
    U_MIX                    MixColumns_DATA_W128_595                            704    118.390    24.469      142.859 
    U_SH                     ShiftRows_DATA_W128_1814                            259     60.245     5.981       66.226 
    U_SUB                    SubBytes_DATA_W128_1823                           10541    918.001   571.893     1489.893 
      ROM[0].ROM             SBox_1675                                           681     58.524    36.363       94.887 
      ROM[1].ROM             SBox_1674                                           656     57.081    35.614       92.695 
      ROM[2].ROM             SBox_1673                                           656     57.110    35.614       92.724 
      ROM[3].ROM             SBox_1672                                           656     57.110    35.614       92.724 
      ROM[4].ROM             SBox_1671                                           660     57.649    35.739       93.388 
      ROM[5].ROM             SBox_1670                                           660     57.649    35.739       93.388 
      ROM[6].ROM             SBox_1669                                           656     57.168    35.614       92.782 
      ROM[7].ROM             SBox_1668                                           656     57.110    35.614       92.724 
      ROM[8].ROM             SBox_1667                                           656     57.168    35.614       92.782 
      ROM[9].ROM             SBox_1666                                           656     57.081    35.614       92.695 
      ROM[10].ROM            SBox_1665                                           656     57.110    35.614       92.724 
      ROM[11].ROM            SBox_1664                                           656     57.110    35.614       92.724 
      ROM[12].ROM            SBox_1663                                           656     57.110    35.614       92.724 
      ROM[13].ROM            SBox_1662                                           656     57.168    35.614       92.782 
      ROM[14].ROM            SBox_1661                                           656     57.081    35.614       92.695 
      ROM[15].ROM            SBox_1660                                           660     57.445    35.739       93.184 
  ROUND[7].U_ROUND           Round_DATA_W128_602                               11894   1174.098   638.124     1812.222 
    U_KEY                    AddRoundKey_DATA_W128_585                           390     77.464    12.024       89.487 
    U_MIX                    MixColumns_DATA_W128_594                            704    118.390    24.469      142.859 
    U_SH                     ShiftRows_DATA_W128_1813                            259     60.245     5.981       66.226 
    U_SUB                    SubBytes_DATA_W128_1822                           10541    918.001   571.893     1489.893 
      ROM[0].ROM             SBox_1659                                           681     58.524    36.363       94.887 
      ROM[1].ROM             SBox_1658                                           656     57.081    35.614       92.695 
      ROM[2].ROM             SBox_1657                                           656     57.110    35.614       92.724 
      ROM[3].ROM             SBox_1656                                           656     57.110    35.614       92.724 
      ROM[4].ROM             SBox_1655                                           660     57.649    35.739       93.388 
      ROM[5].ROM             SBox_1654                                           660     57.649    35.739       93.388 
      ROM[6].ROM             SBox_1653                                           656     57.168    35.614       92.782 
      ROM[7].ROM             SBox_1652                                           656     57.110    35.614       92.724 
      ROM[8].ROM             SBox_1651                                           656     57.168    35.614       92.782 
      ROM[9].ROM             SBox_1650                                           656     57.081    35.614       92.695 
      ROM[10].ROM            SBox_1649                                           656     57.110    35.614       92.724 
      ROM[11].ROM            SBox_1648                                           656     57.110    35.614       92.724 
      ROM[12].ROM            SBox_1647                                           656     57.110    35.614       92.724 
      ROM[13].ROM            SBox_1646                                           656     57.168    35.614       92.782 
      ROM[14].ROM            SBox_1645                                           656     57.081    35.614       92.695 
      ROM[15].ROM            SBox_1644                                           660     57.445    35.739       93.184 
  ROUND[8].U_ROUND           Round_DATA_W128_601                               11894   1173.923   638.124     1812.047 
    U_KEY                    AddRoundKey_DATA_W128_584                           390     77.464    12.024       89.487 
    U_MIX                    MixColumns_DATA_W128_593                            704    118.390    24.469      142.859 
    U_SH                     ShiftRows_DATA_W128_1812                            259     60.245     5.981       66.226 
    U_SUB                    SubBytes_DATA_W128_1821                           10541    917.826   571.893     1489.718 
      ROM[0].ROM             SBox_1643                                           681     58.524    36.363       94.887 
      ROM[1].ROM             SBox_1642                                           656     57.081    35.614       92.695 
      ROM[2].ROM             SBox_1641                                           656     57.110    35.614       92.724 
      ROM[3].ROM             SBox_1640                                           656     57.110    35.614       92.724 
      ROM[4].ROM             SBox_1639                                           660     57.649    35.739       93.388 
      ROM[5].ROM             SBox_1638                                           660     57.649    35.739       93.388 
      ROM[6].ROM             SBox_1637                                           656     57.168    35.614       92.782 
      ROM[7].ROM             SBox_1636                                           656     57.110    35.614       92.724 
      ROM[8].ROM             SBox_1635                                           656     57.081    35.614       92.695 
      ROM[9].ROM             SBox_1634                                           656     57.081    35.614       92.695 
      ROM[10].ROM            SBox_1633                                           656     57.110    35.614       92.724 
      ROM[11].ROM            SBox_1632                                           656     57.110    35.614       92.724 
      ROM[12].ROM            SBox_1631                                           656     57.110    35.614       92.724 
      ROM[13].ROM            SBox_1630                                           656     57.081    35.614       92.695 
      ROM[14].ROM            SBox_1629                                           656     57.081    35.614       92.695 
      ROM[15].ROM            SBox_1628                                           660     57.445    35.739       93.184 
  U0_ARK                     AddRoundKey_DATA_W128_592                           389     77.259    11.992       89.252 
  U_KEY                      AddRoundKey_DATA_W128_583                           390     77.449    12.024       89.473 
  U_KEYEXP                   KeyExpantion_DATA_W128_KEY_L128_NO_ROUNDS10       35692   4745.950  1930.592     6676.543 
    RKGEN_U0                 RoundKeyGen_KEY_L128                               3518    470.613   189.700      660.313 
      SUB_U                  SubBytes_DATA_W32                                  2323    210.083   132.859      342.943 
        ROM[0].ROM           SBox                                                579     52.226    32.925       85.151 
        ROM[1].ROM           SBox_1810                                           579     52.226    32.925       85.151 
        ROM[2].ROM           SBox_1809                                           579     52.226    32.925       85.151 
        ROM[3].ROM           SBox_1808                                           579     52.226    32.925       85.151 
    ROUND_KEY_GEN[1].RKGEN_U RoundKeyGen_KEY_L128_1                             3574    474.841   191.446      666.287 
      SUB_U                  SubBytes_DATA_W32_1837                             2375    213.874   134.359      348.233 
        ROM[0].ROM           SBox_1807                                           592     53.173    33.300       86.473 
        ROM[1].ROM           SBox_1806                                           592     53.173    33.300       86.473 
        ROM[2].ROM           SBox_1805                                           592     53.173    33.300       86.473 
        ROM[3].ROM           SBox_1804                                           592     53.173    33.300       86.473 
    ROUND_KEY_GEN[2].RKGEN_U RoundKeyGen_KEY_L128_2                             3574    474.841   191.446      666.287 
      SUB_U                  SubBytes_DATA_W32_1836                             2375    213.874   134.359      348.233 
        ROM[0].ROM           SBox_1803                                           592     53.173    33.300       86.473 
        ROM[1].ROM           SBox_1802                                           592     53.173    33.300       86.473 
        ROM[2].ROM           SBox_1801                                           592     53.173    33.300       86.473 
        ROM[3].ROM           SBox_1800                                           592     53.173    33.300       86.473 
    ROUND_KEY_GEN[3].RKGEN_U RoundKeyGen_KEY_L128_3                             3574    474.841   191.446      666.287 
      SUB_U                  SubBytes_DATA_W32_1835                             2375    213.874   134.359      348.233 
        ROM[0].ROM           SBox_1799                                           592     53.173    33.300       86.473 
        ROM[1].ROM           SBox_1798                                           592     53.173    33.300       86.473 
        ROM[2].ROM           SBox_1797                                           592     53.173    33.300       86.473 
        ROM[3].ROM           SBox_1796                                           592     53.173    33.300       86.473 
    ROUND_KEY_GEN[4].RKGEN_U RoundKeyGen_KEY_L128_4                             3574    474.841   191.446      666.287 
      SUB_U                  SubBytes_DATA_W32_1834                             2375    213.874   134.359      348.233 
        ROM[0].ROM           SBox_1795                                           592     53.173    33.300       86.473 
        ROM[1].ROM           SBox_1794                                           592     53.173    33.300       86.473 
        ROM[2].ROM           SBox_1793                                           592     53.173    33.300       86.473 
        ROM[3].ROM           SBox_1792                                           592     53.173    33.300       86.473 
    ROUND_KEY_GEN[5].RKGEN_U RoundKeyGen_KEY_L128_5                             3574    474.841   191.446      666.287 
      SUB_U                  SubBytes_DATA_W32_1833                             2375    213.874   134.359      348.233 
        ROM[0].ROM           SBox_1791                                           592     53.173    33.300       86.473 
        ROM[1].ROM           SBox_1790                                           592     53.173    33.300       86.473 
        ROM[2].ROM           SBox_1789                                           592     53.173    33.300       86.473 
        ROM[3].ROM           SBox_1788                                           592     53.173    33.300       86.473 
    ROUND_KEY_GEN[6].RKGEN_U RoundKeyGen_KEY_L128_6                             3574    474.841   191.446      666.287 
      SUB_U                  SubBytes_DATA_W32_1832                             2375    213.874   134.359      348.233 
        ROM[0].ROM           SBox_1787                                           592     53.173    33.300       86.473 
        ROM[1].ROM           SBox_1786                                           592     53.173    33.300       86.473 
        ROM[2].ROM           SBox_1785                                           592     53.173    33.300       86.473 
        ROM[3].ROM           SBox_1784                                           592     53.173    33.300       86.473 
    ROUND_KEY_GEN[7].RKGEN_U RoundKeyGen_KEY_L128_7                             3574    474.841   191.446      666.287 
      SUB_U                  SubBytes_DATA_W32_1831                             2375    213.874   134.359      348.233 
        ROM[0].ROM           SBox_1783                                           592     53.173    33.300       86.473 
        ROM[1].ROM           SBox_1782                                           592     53.173    33.300       86.473 
        ROM[2].ROM           SBox_1781                                           592     53.173    33.300       86.473 
        ROM[3].ROM           SBox_1780                                           592     53.173    33.300       86.473 
    ROUND_KEY_GEN[8].RKGEN_U RoundKeyGen_KEY_L128_8                             3574    474.841   191.446      666.287 
      SUB_U                  SubBytes_DATA_W32_1830                             2375    213.874   134.359      348.233 
        ROM[0].ROM           SBox_1779                                           592     53.173    33.300       86.473 
        ROM[1].ROM           SBox_1778                                           592     53.173    33.300       86.473 
        ROM[2].ROM           SBox_1777                                           592     53.173    33.300       86.473 
        ROM[3].ROM           SBox_1776                                           592     53.173    33.300       86.473 
    ROUND_KEY_GEN[9].RKGEN_U RoundKeyGen_KEY_L128_9                             3573    474.769   191.415      666.183 
      SUB_U                  SubBytes_DATA_W32_1829                             2375    213.874   134.359      348.233 
        ROM[0].ROM           SBox_1775                                           592     53.173    33.300       86.473 
        ROM[1].ROM           SBox_1774                                           592     53.173    33.300       86.473 
        ROM[2].ROM           SBox_1773                                           592     53.173    33.300       86.473 
        ROM[3].ROM           SBox_1772                                           592     53.173    33.300       86.473 
  U_SH                       ShiftRows_DATA_W128_1811                            260     60.449     6.012       66.461 
  U_SUB                      SubBytes_DATA_W128_1820                           10541    917.738   571.893     1489.631 
    ROM[0].ROM               SBox_1627                                           681     58.524    36.363       94.887 
    ROM[1].ROM               SBox_1626                                           656     57.081    35.614       92.695 
    ROM[2].ROM               SBox_1625                                           656     57.110    35.614       92.724 
    ROM[3].ROM               SBox_1624                                           656     57.110    35.614       92.724 
    ROM[4].ROM               SBox_1623                                           660     57.649    35.739       93.388 
    ROM[5].ROM               SBox_1622                                           660     57.649    35.739       93.388 
    ROM[6].ROM               SBox_1621                                           656     57.081    35.614       92.695 
    ROM[7].ROM               SBox_1620                                           656     57.110    35.614       92.724 
    ROM[8].ROM               SBox_1619                                           656     57.081    35.614       92.695 
    ROM[9].ROM               SBox_1618                                           656     57.081    35.614       92.695 
    ROM[10].ROM              SBox_1617                                           656     57.110    35.614       92.724 
    ROM[11].ROM              SBox_1616                                           656     57.110    35.614       92.724 
    ROM[12].ROM              SBox_1615                                           656     57.110    35.614       92.724 
    ROM[13].ROM              SBox_1614                                           656     57.081    35.614       92.695 
    ROM[14].ROM              SBox_1613                                           656     57.081    35.614       92.695 
    ROM[15].ROM              SBox_1612                                           660     57.445    35.739       93.184 
