============================================================
  Generated by:           Genus(TM) Synthesis Solution 21.17-s066_1
  Generated on:           Feb 28 2025  01:47:27 pm
  Module:                 aes
  Operating conditions:   typical 
  Interconnect mode:      global
  Area mode:              physical library
============================================================

Timing
--------

Clock Period 
-------------
clk    500.0 


  Cost    Critical         Violating 
 Group   Path Slack  TNS     Paths   
-------------------------------------
clk             2.3   0.0          0 
default    No paths   0.0            
-------------------------------------
Total                 0.0          0 

Instance Count
--------------
Leaf Instance Count             14671 
Physical Instance count             0 
Sequential Instance Count        2987 
Combinational Instance Count    11684 
Hierarchical Instance Count         6 

Area
----
Cell Area                          7884.964
Physical Cell Area                 0.000
Total Cell Area (Cell+Physical)    7884.964
Net Area                           3005.436
Total Area (Cell+Physical+Net)     10890.400

Runtime                            23.654964999999997 seconds
Elapsed Runtime                    227 seconds
Genus peak memory usage            1811.80 
Innovus peak memory usage          no_value 
Hostname                           ececomp2.ecn.purdue.edu
