============================================================
  Generated by:           Genus(TM) Synthesis Solution 21.17-s066_1
  Generated on:           Feb 28 2025  01:47:28 pm
  Module:                 aes
  Operating conditions:   typical 
  Interconnect mode:      global
  Area mode:              physical library
============================================================

                                  Leakage   
   Gate     Instances    Area    Power (nW)       Library       
----------------------------------------------------------------
AND2_X1           198    58.393    3018.513    NanGate_15nm_OCL 
AND2_X2             2     0.688      39.302    NanGate_15nm_OCL 
AND3_X1            12     4.719     311.556    NanGate_15nm_OCL 
AND3_X2            32    12.583     992.597    NanGate_15nm_OCL 
AND4_X1            66    29.196    2285.139    NanGate_15nm_OCL 
AOI21_X1          634   186.974    6196.657    NanGate_15nm_OCL 
AOI22_X1         2286   786.530   23946.609    NanGate_15nm_OCL 
BUF_X1              1     0.246      15.406    NanGate_15nm_OCL 
BUF_X2              1     0.246      22.793    NanGate_15nm_OCL 
BUF_X4              4     1.573     182.772    NanGate_15nm_OCL 
BUF_X8              1     0.688      92.436    NanGate_15nm_OCL 
CLKBUF_X8           1     0.688      85.179    NanGate_15nm_OCL 
DFFRNQ_X1         671   857.506   31265.377    NanGate_15nm_OCL 
DFFSNQ_X1           1     1.278      43.842    NanGate_15nm_OCL 
INV_X1            833   122.831    6444.241    NanGate_15nm_OCL 
INV_X2              9     1.769     135.644    NanGate_15nm_OCL 
INV_X4             17     5.014     529.312    NanGate_15nm_OCL 
MUX2_X1           171   109.265    4629.021    NanGate_15nm_OCL 
NAND2_X1         1897   372.965   15474.938    NanGate_15nm_OCL 
NAND2_X2            3     0.885      41.150    NanGate_15nm_OCL 
NAND3_X1          179    52.789    2780.406    NanGate_15nm_OCL 
NAND4_X1          369   126.960    9079.534    NanGate_15nm_OCL 
NOR2_X1           862   169.476    6206.064    NanGate_15nm_OCL 
NOR2_X2            11     3.244     155.426    NanGate_15nm_OCL 
NOR3_X1           139    40.993    2558.426    NanGate_15nm_OCL 
NOR4_X1           256    88.080    7594.735    NanGate_15nm_OCL 
OAI21_X1          995   293.437    9324.272    NanGate_15nm_OCL 
OAI22_X1          328   112.853    2370.950    NanGate_15nm_OCL 
OR2_X1            140    41.288    2380.676    NanGate_15nm_OCL 
OR2_X2              2     0.688      46.096    NanGate_15nm_OCL 
OR3_X1             15     5.898     471.582    NanGate_15nm_OCL 
OR3_X2              9     3.539     240.009    NanGate_15nm_OCL 
OR4_X1             78    34.505    2947.992    NanGate_15nm_OCL 
SDFFRNQ_X1       2313  3410.657  114832.977    NanGate_15nm_OCL 
SDFFSNQ_X1          2     2.949      95.791    NanGate_15nm_OCL 
XNOR2_X1          551   243.745   16134.354    NanGate_15nm_OCL 
XOR2_X1          1582   699.826   33979.207    NanGate_15nm_OCL 
----------------------------------------------------------------
total           14671  7884.964  306950.982                     


                                           Leakage  Leakage 
     Type      Instances   Area   Area % Power (nW) Power % 
------------------------------------------------------------
sequential          2987 4272.390   54.2 146237.987    47.6 
inverter             859  129.614    1.6   7109.197     2.3 
buffer                 8    3.441    0.0    398.586     0.1 
logic              10817 3479.519   44.1 153205.213    49.9 
physical_cells         0    0.000    0.0      0.000     0.0 
------------------------------------------------------------
total              14671 7884.964  100.0 306950.982   100.0 

